;  LST file generated by mikroListExporter - v.2.0 
; Date/Time: 3/9/2016 8:36:08 PM
;----------------------------------------------

;Address Opcode 	ASM
0x0000	0x2816      	GOTO       22
_____DoICP:
;__Lib_System.c,6 :: 		
;__Lib_System.c,9 :: 		
0x0003	0x1283      	BCF        STATUS, 5
0x0004	0x1303      	BCF        STATUS, 6
0x0005	0x0835      	MOVF       ___DoICPAddr+1, 0
0x0006	0x008A      	MOVWF      PCLATH
;__Lib_System.c,10 :: 		
0x0007	0x0834      	MOVF       ___DoICPAddr, 0
0x0008	0x0082      	MOVWF      PCL
;__Lib_System.c,12 :: 		
L_end_____DoICP:
0x0009	0x0008      	RETURN
; end of _____DoICP
___CC2DW:
;__Lib_System.c,134 :: 		
;__Lib_System.c,137 :: 		
_CC2D_Loop1:
;__Lib_System.c,139 :: 		
0x000A	0x2003      	CALL       _____DoICP
0x000B	0x118A      	BCF        PCLATH, 3
0x000C	0x120A      	BCF        PCLATH, 4
;__Lib_System.c,141 :: 		
0x000D	0x0080      	MOVWF      INDF
;__Lib_System.c,142 :: 		
0x000E	0x0A84      	INCF       FSR, 1
;__Lib_System.c,143 :: 		
0x000F	0x0AB4      	INCF       ___DoICPAddr, 1
;__Lib_System.c,145 :: 		
0x0010	0x1903      	BTFSC      STATUS, 2
;__Lib_System.c,146 :: 		
0x0011	0x0AB5      	INCF       ___DoICPAddr+1, 1
;__Lib_System.c,147 :: 		
0x0012	0x03F0      	DECF       R0, 1
;__Lib_System.c,149 :: 		
0x0013	0x1D03      	BTFSS      STATUS, 2
;__Lib_System.c,150 :: 		
0x0014	0x280A      	GOTO       _CC2D_Loop1
;__Lib_System.c,152 :: 		
L_end___CC2DW:
0x0015	0x0008      	RETURN
; end of ___CC2DW
_main:
0x0016	0x3080      	MOVLW      128
0x0017	0x1283      	BCF        STATUS, 5
0x0018	0x1303      	BCF        STATUS, 6
0x0019	0x00A0      	MOVWF      _mrow
0x001A	0x01A1      	CLRF       33
0x001B	0x3040      	MOVLW      64
0x001C	0x00A2      	MOVWF      34
0x001D	0x01A3      	CLRF       35
0x001E	0x3020      	MOVLW      32
0x001F	0x00A4      	MOVWF      36
0x0020	0x01A5      	CLRF       37
0x0021	0x3010      	MOVLW      16
0x0022	0x00A6      	MOVWF      38
0x0023	0x01A7      	CLRF       39
0x0024	0x3008      	MOVLW      8
0x0025	0x00A8      	MOVWF      40
0x0026	0x01A9      	CLRF       41
0x0027	0x01AA      	CLRF       _mcol
0x0028	0x01AB      	CLRF       43
0x0029	0x30BF      	MOVLW      191
0x002A	0x00AC      	MOVWF      44
0x002B	0x01AD      	CLRF       45
0x002C	0x30DF      	MOVLW      223
0x002D	0x00AE      	MOVWF      46
0x002E	0x01AF      	CLRF       47
0x002F	0x30BF      	MOVLW      191
0x0030	0x00B0      	MOVWF      48
0x0031	0x01B1      	CLRF       49
0x0032	0x01B2      	CLRF       50
0x0033	0x01B3      	CLRF       51
;dotmatrix.c,3 :: 		void main() {
;dotmatrix.c,4 :: 		TRISB=0;
0x0034	0x1683      	BSF        STATUS, 5
0x0035	0x0186      	CLRF       TRISB
;dotmatrix.c,5 :: 		TRISC=0;
0x0036	0x0187      	CLRF       TRISC
;dotmatrix.c,6 :: 		while(1){
L_main0:
;dotmatrix.c,9 :: 		delay_ms(100);
0x0037	0x3002      	MOVLW      2
0x0038	0x00FB      	MOVWF      R11
0x0039	0x3086      	MOVLW      134
0x003A	0x00FC      	MOVWF      R12
0x003B	0x3099      	MOVLW      153
0x003C	0x00FD      	MOVWF      R13
L_main2:
0x003D	0x0BFD      	DECFSZ     R13, 1
0x003E	0x283D      	GOTO       L_main2
0x003F	0x0BFC      	DECFSZ     R12, 1
0x0040	0x283D      	GOTO       L_main2
0x0041	0x0BFB      	DECFSZ     R11, 1
0x0042	0x283D      	GOTO       L_main2
;dotmatrix.c,10 :: 		for(j=0; j<5; j++){
0x0043	0x01F6      	CLRF       R6
0x0044	0x01F7      	CLRF       R6+1
L_main3:
0x0045	0x3000      	MOVLW      0
0x0046	0x0277      	SUBWF      R6+1, 0
0x0047	0x1D03      	BTFSS      STATUS, 2
0x0048	0x284B      	GOTO       L__main15
0x0049	0x3005      	MOVLW      5
0x004A	0x0276      	SUBWF      R6, 0
L__main15:
0x004B	0x1803      	BTFSC      STATUS, 0
0x004C	0x28B2      	GOTO       L_main4
;dotmatrix.c,11 :: 		for(k=0; k<150; k++){
0x004D	0x1283      	BCF        STATUS, 5
0x004E	0x01B6      	CLRF       main_k_L1
0x004F	0x01B7      	CLRF       main_k_L1+1
0x0050	0x01B8      	CLRF       main_k_L1+2
0x0051	0x01B9      	CLRF       main_k_L1+3
L_main6:
0x0052	0x3000      	MOVLW      0
0x0053	0x0239      	SUBWF      main_k_L1+3, 0
0x0054	0x1D03      	BTFSS      STATUS, 2
0x0055	0x2860      	GOTO       L__main16
0x0056	0x3000      	MOVLW      0
0x0057	0x0238      	SUBWF      main_k_L1+2, 0
0x0058	0x1D03      	BTFSS      STATUS, 2
0x0059	0x2860      	GOTO       L__main16
0x005A	0x3000      	MOVLW      0
0x005B	0x0237      	SUBWF      main_k_L1+1, 0
0x005C	0x1D03      	BTFSS      STATUS, 2
0x005D	0x2860      	GOTO       L__main16
0x005E	0x3096      	MOVLW      150
0x005F	0x0236      	SUBWF      main_k_L1, 0
L__main16:
0x0060	0x1803      	BTFSC      STATUS, 0
0x0061	0x28AE      	GOTO       L_main7
;dotmatrix.c,12 :: 		for(i=j; i<5; i++){
0x0062	0x0876      	MOVF       R6, 0
0x0063	0x00F4      	MOVWF      R4
0x0064	0x0877      	MOVF       R6+1, 0
0x0065	0x00F5      	MOVWF      R4+1
L_main9:
0x0066	0x3000      	MOVLW      0
0x0067	0x0275      	SUBWF      R4+1, 0
0x0068	0x1D03      	BTFSS      STATUS, 2
0x0069	0x286C      	GOTO       L__main17
0x006A	0x3005      	MOVLW      5
0x006B	0x0274      	SUBWF      R4, 0
L__main17:
0x006C	0x1803      	BTFSC      STATUS, 0
0x006D	0x2896      	GOTO       L_main10
;dotmatrix.c,13 :: 		PORTB=~mrow[i];
0x006E	0x0874      	MOVF       R4, 0
0x006F	0x00F0      	MOVWF      R0
0x0070	0x0DF0      	RLF        R0, 1
0x0071	0x1070      	BCF        R0, 0
0x0072	0x0870      	MOVF       R0, 0
0x0073	0x3E20      	ADDLW      _mrow
0x0074	0x0084      	MOVWF      FSR
0x0075	0x0900      	COMF       INDF, 0
0x0076	0x0086      	MOVWF      PORTB
;dotmatrix.c,14 :: 		PORTC=~mcol[i-j];
0x0077	0x0876      	MOVF       R6, 0
0x0078	0x0274      	SUBWF      R4, 0
0x0079	0x00F2      	MOVWF      R2
0x007A	0x0877      	MOVF       R6+1, 0
0x007B	0x1C03      	BTFSS      STATUS, 0
0x007C	0x3E01      	ADDLW      1
0x007D	0x0275      	SUBWF      R4+1, 0
0x007E	0x00F3      	MOVWF      R2+1
0x007F	0x0872      	MOVF       R2, 0
0x0080	0x00F0      	MOVWF      R0
0x0081	0x0DF0      	RLF        R0, 1
0x0082	0x1070      	BCF        R0, 0
0x0083	0x0870      	MOVF       R0, 0
0x0084	0x3E2A      	ADDLW      _mcol
0x0085	0x0084      	MOVWF      FSR
0x0086	0x0900      	COMF       INDF, 0
0x0087	0x0087      	MOVWF      PORTC
;dotmatrix.c,15 :: 		delay_ms(2);
0x0088	0x3008      	MOVLW      8
0x0089	0x00FC      	MOVWF      R12
0x008A	0x30C9      	MOVLW      201
0x008B	0x00FD      	MOVWF      R13
L_main12:
0x008C	0x0BFD      	DECFSZ     R13, 1
0x008D	0x288C      	GOTO       L_main12
0x008E	0x0BFC      	DECFSZ     R12, 1
0x008F	0x288C      	GOTO       L_main12
0x0090	0x0000      	NOP
0x0091	0x0000      	NOP
;dotmatrix.c,12 :: 		for(i=j; i<5; i++){
0x0092	0x0AF4      	INCF       R4, 1
0x0093	0x1903      	BTFSC      STATUS, 2
0x0094	0x0AF5      	INCF       R4+1, 1
;dotmatrix.c,16 :: 		}
0x0095	0x2866      	GOTO       L_main9
L_main10:
;dotmatrix.c,11 :: 		for(k=0; k<150; k++){
0x0096	0x0836      	MOVF       main_k_L1, 0
0x0097	0x00F0      	MOVWF      R0
0x0098	0x0837      	MOVF       main_k_L1+1, 0
0x0099	0x00F1      	MOVWF      R0+1
0x009A	0x0838      	MOVF       main_k_L1+2, 0
0x009B	0x00F2      	MOVWF      R0+2
0x009C	0x0839      	MOVF       main_k_L1+3, 0
0x009D	0x00F3      	MOVWF      R0+3
0x009E	0x0AF0      	INCF       R0, 1
0x009F	0x1903      	BTFSC      STATUS, 2
0x00A0	0x0AF1      	INCF       R0+1, 1
0x00A1	0x1903      	BTFSC      STATUS, 2
0x00A2	0x0AF2      	INCF       R0+2, 1
0x00A3	0x1903      	BTFSC      STATUS, 2
0x00A4	0x0AF3      	INCF       R0+3, 1
0x00A5	0x0870      	MOVF       R0, 0
0x00A6	0x00B6      	MOVWF      main_k_L1
0x00A7	0x0871      	MOVF       R0+1, 0
0x00A8	0x00B7      	MOVWF      main_k_L1+1
0x00A9	0x0872      	MOVF       R0+2, 0
0x00AA	0x00B8      	MOVWF      main_k_L1+2
0x00AB	0x0873      	MOVF       R0+3, 0
0x00AC	0x00B9      	MOVWF      main_k_L1+3
;dotmatrix.c,17 :: 		}
0x00AD	0x2852      	GOTO       L_main6
L_main7:
;dotmatrix.c,10 :: 		for(j=0; j<5; j++){
0x00AE	0x0AF6      	INCF       R6, 1
0x00AF	0x1903      	BTFSC      STATUS, 2
0x00B0	0x0AF7      	INCF       R6+1, 1
;dotmatrix.c,19 :: 		}
0x00B1	0x2845      	GOTO       L_main3
L_main4:
0x00B2	0x1283      	BCF        STATUS, 5
;dotmatrix.c,20 :: 		PORTB=0;
0x00B3	0x0186      	CLRF       PORTB
;dotmatrix.c,21 :: 		PORTC=0;
0x00B4	0x0187      	CLRF       PORTC
;dotmatrix.c,22 :: 		delay_ms(500);
0x00B5	0x3008      	MOVLW      8
0x00B6	0x00FB      	MOVWF      R11
0x00B7	0x309D      	MOVLW      157
0x00B8	0x00FC      	MOVWF      R12
0x00B9	0x3005      	MOVLW      5
0x00BA	0x00FD      	MOVWF      R13
L_main13:
0x00BB	0x0BFD      	DECFSZ     R13, 1
0x00BC	0x28BB      	GOTO       L_main13
0x00BD	0x0BFC      	DECFSZ     R12, 1
0x00BE	0x28BB      	GOTO       L_main13
0x00BF	0x0BFB      	DECFSZ     R11, 1
0x00C0	0x28BB      	GOTO       L_main13
0x00C1	0x0000      	NOP
0x00C2	0x0000      	NOP
;dotmatrix.c,23 :: 		}
0x00C3	0x2837      	GOTO       L_main0
;dotmatrix.c,24 :: 		}
L_end_main:
0x00C4	0x28C4      	GOTO       $+0
; end of _main
Symbol List:
//** Routines locations **
//ADDRESS    SIZE    PROCEDURE
//----------------------------------------------
0x0003       [7]    _____DoICP
0x000A      [12]    ___CC2DW
0x0016     [175]    _main
//** Variables locations ** 
//ADDRESS    SIZE    VARIABLE
//----------------------------------------------
0x0000       [1]    INDF
0x0002       [1]    PCL
0x0003       [1]    STATUS
0x0004       [1]    FSR
0x0006       [1]    PORTB
0x0007       [1]    PORTC
0x000A       [1]    PCLATH
0x0020      [10]    _mrow
0x002A      [10]    _mcol
0x0034       [2]    ___DoICPAddr
0x0036       [4]    main_k_L1
0x0070       [1]    R0
0x0071       [1]    R1
0x0072       [1]    R2
0x0073       [1]    R3
0x0074       [1]    R4
0x0075       [1]    R5
0x0076       [1]    R6
0x0077       [1]    R7
0x0078       [1]    R8
0x0079       [1]    R9
0x007A       [1]    R10
0x007B       [1]    R11
0x007C       [1]    R12
0x007D       [1]    R13
0x007E       [1]    R14
0x007F       [1]    R15
0x0086       [1]    TRISB
0x0087       [1]    TRISC
//** Label List: ** 
//----------------------------------------------
  L_main0
  L_main1
  L_main2
  L_main3
  L_main4
  L_main5
  L_main6
  L_main7
  L_main8
  L_main9
  L_main10
  L_main11
  L_main12
  L_main13
  L_end_main
  _main
  L__main15
  L__main16
  L__main17
  L_loopCA2AWs
  L_CA2AWend
  _CCA2AW_Loop1
  L_loopCS2Ss
  L_CS2Send
  _CCS2S_Loop1
  L_CCS2Send
  L_loopFZinSWs
  L_FZinSend
  _CC2D_Loop1
  L_end_____DoICP
  _____DoICP
  L_end_____DoIFC
  _____DoIFC
  L_end___CA2AW
  ___CA2AW
  L_end___CCA2AW
  ___CCA2AW
  L_end___CS2S
  ___CS2S
  L_end___CCS2S
  ___CCS2S
  L_end___FZinS
  ___FZinS
  L_end___CC2DW
  ___CC2DW
  L_end_Swap
  _Swap
