;  LST file generated by mikroListExporter - v.2.0 
; Date/Time: 2/20/2016 9:04:11 AM
;----------------------------------------------

;Address Opcode 	ASM
0x0000	0x2B60      	GOTO       864
_Delay_1us:
;__Lib_Delays.c,7 :: 		void Delay_1us() {
;__Lib_Delays.c,8 :: 		Delay_us(1);
0x0003	0x0000      	NOP
0x0004	0x0000      	NOP
0x0005	0x0000      	NOP
;__Lib_Delays.c,9 :: 		}
L_end_Delay_1us:
0x0006	0x0008      	RETURN
; end of _Delay_1us
_Delay_50us:
;__Lib_Delays.c,19 :: 		void Delay_50us() {
;__Lib_Delays.c,20 :: 		Delay_us(50);
0x0007	0x3031      	MOVLW      49
0x0008	0x1283      	BCF        STATUS, 5
0x0009	0x1303      	BCF        STATUS, 6
0x000A	0x00FD      	MOVWF      R13
L_Delay_50us2:
0x000B	0x0BFD      	DECFSZ     R13, 1
0x000C	0x280B      	GOTO       L_Delay_50us2
0x000D	0x0000      	NOP
0x000E	0x0000      	NOP
;__Lib_Delays.c,21 :: 		}
L_end_Delay_50us:
0x000F	0x0008      	RETURN
; end of _Delay_50us
_Delay_5500us:
;__Lib_Delays.c,31 :: 		void Delay_5500us() {
;__Lib_Delays.c,32 :: 		Delay_us(5500);
0x0010	0x3016      	MOVLW      22
0x0011	0x1283      	BCF        STATUS, 5
0x0012	0x1303      	BCF        STATUS, 6
0x0013	0x00FC      	MOVWF      R12
0x0014	0x306C      	MOVLW      108
0x0015	0x00FD      	MOVWF      R13
L_Delay_5500us5:
0x0016	0x0BFD      	DECFSZ     R13, 1
0x0017	0x2816      	GOTO       L_Delay_5500us5
0x0018	0x0BFC      	DECFSZ     R12, 1
0x0019	0x2816      	GOTO       L_Delay_5500us5
0x001A	0x0000      	NOP
;__Lib_Delays.c,33 :: 		}
L_end_Delay_5500us:
0x001B	0x0008      	RETURN
; end of _Delay_5500us
_Lcd_Cmd:
;__Lib_Lcd.c,18 :: 		
;__Lib_Lcd.c,20 :: 		
0x001C	0x1683      	BSF        STATUS, 5
0x001D	0x1303      	BCF        STATUS, 6
0x001E	0x1BC2      	BTFSC      FARG_Lcd_Cmd_out_char, 7
0x001F	0x2823      	GOTO       L__Lcd_Cmd21
0x0020	0x1283      	BCF        STATUS, 5
0x0021	0x1387      	BCF        LCD_D7, BitPos(LCD_D7+0)
0x0022	0x2825      	GOTO       L__Lcd_Cmd22
L__Lcd_Cmd21:
0x0023	0x1283      	BCF        STATUS, 5
0x0024	0x1787      	BSF        LCD_D7, BitPos(LCD_D7+0)
L__Lcd_Cmd22:
;__Lib_Lcd.c,21 :: 		
0x0025	0x1683      	BSF        STATUS, 5
0x0026	0x1B42      	BTFSC      FARG_Lcd_Cmd_out_char, 6
0x0027	0x282B      	GOTO       L__Lcd_Cmd23
0x0028	0x1283      	BCF        STATUS, 5
0x0029	0x1307      	BCF        LCD_D6, BitPos(LCD_D6+0)
0x002A	0x282D      	GOTO       L__Lcd_Cmd24
L__Lcd_Cmd23:
0x002B	0x1283      	BCF        STATUS, 5
0x002C	0x1707      	BSF        LCD_D6, BitPos(LCD_D6+0)
L__Lcd_Cmd24:
;__Lib_Lcd.c,22 :: 		
0x002D	0x1683      	BSF        STATUS, 5
0x002E	0x1AC2      	BTFSC      FARG_Lcd_Cmd_out_char, 5
0x002F	0x2833      	GOTO       L__Lcd_Cmd25
0x0030	0x1283      	BCF        STATUS, 5
0x0031	0x1287      	BCF        LCD_D5, BitPos(LCD_D5+0)
0x0032	0x2835      	GOTO       L__Lcd_Cmd26
L__Lcd_Cmd25:
0x0033	0x1283      	BCF        STATUS, 5
0x0034	0x1687      	BSF        LCD_D5, BitPos(LCD_D5+0)
L__Lcd_Cmd26:
;__Lib_Lcd.c,23 :: 		
0x0035	0x1683      	BSF        STATUS, 5
0x0036	0x1A42      	BTFSC      FARG_Lcd_Cmd_out_char, 4
0x0037	0x283B      	GOTO       L__Lcd_Cmd27
0x0038	0x1283      	BCF        STATUS, 5
0x0039	0x1207      	BCF        LCD_D4, BitPos(LCD_D4+0)
0x003A	0x283D      	GOTO       L__Lcd_Cmd28
L__Lcd_Cmd27:
0x003B	0x1283      	BCF        STATUS, 5
0x003C	0x1607      	BSF        LCD_D4, BitPos(LCD_D4+0)
L__Lcd_Cmd28:
;__Lib_Lcd.c,25 :: 		
0x003D	0x1683      	BSF        STATUS, 5
0x003E	0x183A      	BTFSC      __Lib_Lcd_cmd_status, BitPos(__Lib_Lcd_cmd_status+0)
0x003F	0x2843      	GOTO       L__Lcd_Cmd29
0x0040	0x1283      	BCF        STATUS, 5
0x0041	0x1408      	BSF        LCD_RS, BitPos(LCD_RS+0)
0x0042	0x2845      	GOTO       L__Lcd_Cmd30
L__Lcd_Cmd29:
0x0043	0x1283      	BCF        STATUS, 5
0x0044	0x1008      	BCF        LCD_RS, BitPos(LCD_RS+0)
L__Lcd_Cmd30:
;__Lib_Lcd.c,28 :: 		
0x0045	0x1488      	BSF        LCD_EN, BitPos(LCD_EN+0)
;__Lib_Lcd.c,29 :: 		
0x0046	0x2003      	CALL       _Delay_1us
;__Lib_Lcd.c,30 :: 		
0x0047	0x1088      	BCF        LCD_EN, BitPos(LCD_EN+0)
;__Lib_Lcd.c,33 :: 		
0x0048	0x1683      	BSF        STATUS, 5
0x0049	0x19C2      	BTFSC      FARG_Lcd_Cmd_out_char, 3
0x004A	0x284E      	GOTO       L__Lcd_Cmd31
0x004B	0x1283      	BCF        STATUS, 5
0x004C	0x1387      	BCF        LCD_D7, BitPos(LCD_D7+0)
0x004D	0x2850      	GOTO       L__Lcd_Cmd32
L__Lcd_Cmd31:
0x004E	0x1283      	BCF        STATUS, 5
0x004F	0x1787      	BSF        LCD_D7, BitPos(LCD_D7+0)
L__Lcd_Cmd32:
;__Lib_Lcd.c,34 :: 		
0x0050	0x1683      	BSF        STATUS, 5
0x0051	0x1942      	BTFSC      FARG_Lcd_Cmd_out_char, 2
0x0052	0x2856      	GOTO       L__Lcd_Cmd33
0x0053	0x1283      	BCF        STATUS, 5
0x0054	0x1307      	BCF        LCD_D6, BitPos(LCD_D6+0)
0x0055	0x2858      	GOTO       L__Lcd_Cmd34
L__Lcd_Cmd33:
0x0056	0x1283      	BCF        STATUS, 5
0x0057	0x1707      	BSF        LCD_D6, BitPos(LCD_D6+0)
L__Lcd_Cmd34:
;__Lib_Lcd.c,35 :: 		
0x0058	0x1683      	BSF        STATUS, 5
0x0059	0x18C2      	BTFSC      FARG_Lcd_Cmd_out_char, 1
0x005A	0x285E      	GOTO       L__Lcd_Cmd35
0x005B	0x1283      	BCF        STATUS, 5
0x005C	0x1287      	BCF        LCD_D5, BitPos(LCD_D5+0)
0x005D	0x2860      	GOTO       L__Lcd_Cmd36
L__Lcd_Cmd35:
0x005E	0x1283      	BCF        STATUS, 5
0x005F	0x1687      	BSF        LCD_D5, BitPos(LCD_D5+0)
L__Lcd_Cmd36:
;__Lib_Lcd.c,36 :: 		
0x0060	0x1683      	BSF        STATUS, 5
0x0061	0x1842      	BTFSC      FARG_Lcd_Cmd_out_char, 0
0x0062	0x2866      	GOTO       L__Lcd_Cmd37
0x0063	0x1283      	BCF        STATUS, 5
0x0064	0x1207      	BCF        LCD_D4, BitPos(LCD_D4+0)
0x0065	0x2868      	GOTO       L__Lcd_Cmd38
L__Lcd_Cmd37:
0x0066	0x1283      	BCF        STATUS, 5
0x0067	0x1607      	BSF        LCD_D4, BitPos(LCD_D4+0)
L__Lcd_Cmd38:
;__Lib_Lcd.c,38 :: 		
0x0068	0x1683      	BSF        STATUS, 5
0x0069	0x183A      	BTFSC      __Lib_Lcd_cmd_status, BitPos(__Lib_Lcd_cmd_status+0)
0x006A	0x286E      	GOTO       L__Lcd_Cmd39
0x006B	0x1283      	BCF        STATUS, 5
0x006C	0x1408      	BSF        LCD_RS, BitPos(LCD_RS+0)
0x006D	0x2870      	GOTO       L__Lcd_Cmd40
L__Lcd_Cmd39:
0x006E	0x1283      	BCF        STATUS, 5
0x006F	0x1008      	BCF        LCD_RS, BitPos(LCD_RS+0)
L__Lcd_Cmd40:
;__Lib_Lcd.c,40 :: 		
0x0070	0x1488      	BSF        LCD_EN, BitPos(LCD_EN+0)
;__Lib_Lcd.c,41 :: 		
0x0071	0x2003      	CALL       _Delay_1us
;__Lib_Lcd.c,42 :: 		
0x0072	0x1088      	BCF        LCD_EN, BitPos(LCD_EN+0)
;__Lib_Lcd.c,44 :: 		
0x0073	0x1683      	BSF        STATUS, 5
0x0074	0x1C3A      	BTFSS      __Lib_Lcd_cmd_status, BitPos(__Lib_Lcd_cmd_status+0)
0x0075	0x2878      	GOTO       L_Lcd_Cmd0
;__Lib_Lcd.c,45 :: 		
0x0076	0x2010      	CALL       _Delay_5500us
0x0077	0x2879      	GOTO       L_Lcd_Cmd1
L_Lcd_Cmd0:
;__Lib_Lcd.c,47 :: 		
0x0078	0x2007      	CALL       _Delay_50us
L_Lcd_Cmd1:
;__Lib_Lcd.c,48 :: 		
L_end_Lcd_Cmd:
0x0079	0x0008      	RETURN
; end of _Lcd_Cmd
_FIXSIGN32:
;__Lib_MathDouble.c,112 :: 		
;__Lib_MathDouble.c,116 :: 		
0x007A	0x1FFA      	BTFSS      R10, 7
;__Lib_MathDouble.c,117 :: 		
0x007B	0x13F2      	BCF        R2, 7
;__Lib_MathDouble.c,118 :: 		
0x007C	0x3000      	MOVLW      0
;__Lib_MathDouble.c,120 :: 		
L_end_FIXSIGN32:
0x007D	0x0008      	RETURN
; end of _FIXSIGN32
_Lcd_Chr_CP:
;__Lib_Lcd.c,50 :: 		
;__Lib_Lcd.c,52 :: 		
0x007E	0x1683      	BSF        STATUS, 5
0x007F	0x1303      	BCF        STATUS, 6
0x0080	0x103A      	BCF        __Lib_Lcd_cmd_status, BitPos(__Lib_Lcd_cmd_status+0)
;__Lib_Lcd.c,53 :: 		
0x0081	0x0841      	MOVF       FARG_Lcd_Chr_CP_out_char, 0
0x0082	0x00C2      	MOVWF      FARG_Lcd_Cmd_out_char
0x0083	0x201C      	CALL       _Lcd_Cmd
;__Lib_Lcd.c,54 :: 		
0x0084	0x1683      	BSF        STATUS, 5
0x0085	0x143A      	BSF        __Lib_Lcd_cmd_status, BitPos(__Lib_Lcd_cmd_status+0)
;__Lib_Lcd.c,55 :: 		
L_end_Lcd_Chr_CP:
0x0086	0x0008      	RETURN
; end of _Lcd_Chr_CP
_SETFUN32:
;__Lib_MathDouble.c,138 :: 		
;__Lib_MathDouble.c,145 :: 		
0x0087	0x157B      	BSF        R11, 2
;__Lib_MathDouble.c,146 :: 		
0x0088	0x1FFB      	BTFSS      R11, 7
;__Lib_MathDouble.c,147 :: 		
0x0089	0x2891      	GOTO       SETFUN32EEE
;__Lib_MathDouble.c,148 :: 		
0x008A	0x3001      	MOVLW      1
;__Lib_MathDouble.c,149 :: 		
0x008B	0x00F3      	MOVWF      R3
;__Lib_MathDouble.c,150 :: 		
0x008C	0x01F2      	CLRF       R2
;__Lib_MathDouble.c,151 :: 		
0x008D	0x01F1      	CLRF       R1
;__Lib_MathDouble.c,152 :: 		
0x008E	0x01F0      	CLRF       R0
;__Lib_MathDouble.c,153 :: 		
0x008F	0x0DFA      	RLF        R10, 1
;__Lib_MathDouble.c,154 :: 		
0x0090	0x0CF2      	RRF        R2, 1
;__Lib_MathDouble.c,155 :: 		
SETFUN32EEE:
;__Lib_MathDouble.c,156 :: 		
0x0091	0x30FF      	MOVLW      255
;__Lib_MathDouble.c,158 :: 		
L_end_SETFUN32:
0x0092	0x0008      	RETURN
; end of _SETFUN32
_RES032:
;__Lib_MathDouble.c,123 :: 		
;__Lib_MathDouble.c,128 :: 		
0x0093	0x01F2      	CLRF       R2
;__Lib_MathDouble.c,129 :: 		
0x0094	0x01F1      	CLRF       R1
;__Lib_MathDouble.c,130 :: 		
0x0095	0x01F0      	CLRF       R0
;__Lib_MathDouble.c,131 :: 		
0x0096	0x01F8      	CLRF       R8
;__Lib_MathDouble.c,132 :: 		
0x0097	0x01F3      	CLRF       R3
;__Lib_MathDouble.c,133 :: 		
0x0098	0x3000      	MOVLW      0
;__Lib_MathDouble.c,135 :: 		
L_end_RES032:
0x0099	0x0008      	RETURN
; end of _RES032
_Delay_22us:
;__Lib_Delays.c,15 :: 		void Delay_22us() {
;__Lib_Delays.c,16 :: 		Delay_us(22);
0x009A	0x3015      	MOVLW      21
0x009B	0x1283      	BCF        STATUS, 5
0x009C	0x1303      	BCF        STATUS, 6
0x009D	0x00FD      	MOVWF      R13
L_Delay_22us1:
0x009E	0x0BFD      	DECFSZ     R13, 1
0x009F	0x289E      	GOTO       L_Delay_22us1
0x00A0	0x0000      	NOP
0x00A1	0x0000      	NOP
;__Lib_Delays.c,17 :: 		}
L_end_Delay_22us:
0x00A2	0x0008      	RETURN
; end of _Delay_22us
_SETFOV32:
;__Lib_MathDouble.c,79 :: 		
;__Lib_MathDouble.c,86 :: 		
0x00A3	0x14FB      	BSF        R11, 1
;__Lib_MathDouble.c,87 :: 		
0x00A4	0x1FFB      	BTFSS      R11, 7
;__Lib_MathDouble.c,88 :: 		
0x00A5	0x28AD      	GOTO       SETFOV32EEE
;__Lib_MathDouble.c,89 :: 		
0x00A6	0x30FF      	MOVLW      255
;__Lib_MathDouble.c,90 :: 		
0x00A7	0x00F3      	MOVWF      R3
;__Lib_MathDouble.c,91 :: 		
0x00A8	0x00F2      	MOVWF      R2
;__Lib_MathDouble.c,92 :: 		
0x00A9	0x00F1      	MOVWF      R1
;__Lib_MathDouble.c,93 :: 		
0x00AA	0x00F0      	MOVWF      R0
;__Lib_MathDouble.c,94 :: 		
0x00AB	0x0DFA      	RLF        R10, 1
;__Lib_MathDouble.c,95 :: 		
0x00AC	0x0CF2      	RRF        R2, 1
;__Lib_MathDouble.c,96 :: 		
SETFOV32EEE:
;__Lib_MathDouble.c,97 :: 		
0x00AD	0x30FF      	MOVLW      255
;__Lib_MathDouble.c,99 :: 		
L_end_SETFOV32:
0x00AE	0x0008      	RETURN
; end of _SETFOV32
_Lcd_Out:
;__Lib_Lcd.c,184 :: 		
;__Lib_Lcd.c,187 :: 		
0x00AF	0x28C1      	GOTO       L_Lcd_Out11
;__Lib_Lcd.c,188 :: 		
L_Lcd_Out13:
0x00B0	0x3080      	MOVLW      128
0x00B1	0x1683      	BSF        STATUS, 5
0x00B2	0x1303      	BCF        STATUS, 6
0x00B3	0x00BD      	MOVWF      FARG_Lcd_Out_row
0x00B4	0x28D4      	GOTO       L_Lcd_Out12
;__Lib_Lcd.c,189 :: 		
L_Lcd_Out14:
0x00B5	0x30C0      	MOVLW      192
0x00B6	0x00BD      	MOVWF      FARG_Lcd_Out_row
0x00B7	0x28D4      	GOTO       L_Lcd_Out12
;__Lib_Lcd.c,190 :: 		
L_Lcd_Out15:
0x00B8	0x3094      	MOVLW      148
0x00B9	0x00BD      	MOVWF      FARG_Lcd_Out_row
0x00BA	0x28D4      	GOTO       L_Lcd_Out12
;__Lib_Lcd.c,191 :: 		
L_Lcd_Out16:
0x00BB	0x30D4      	MOVLW      212
0x00BC	0x00BD      	MOVWF      FARG_Lcd_Out_row
0x00BD	0x28D4      	GOTO       L_Lcd_Out12
;__Lib_Lcd.c,192 :: 		
L_Lcd_Out17:
0x00BE	0x3080      	MOVLW      128
0x00BF	0x00BD      	MOVWF      FARG_Lcd_Out_row
;__Lib_Lcd.c,193 :: 		
0x00C0	0x28D4      	GOTO       L_Lcd_Out12
L_Lcd_Out11:
0x00C1	0x1683      	BSF        STATUS, 5
0x00C2	0x1303      	BCF        STATUS, 6
0x00C3	0x083D      	MOVF       FARG_Lcd_Out_row, 0
0x00C4	0x3A01      	XORLW      1
0x00C5	0x1903      	BTFSC      STATUS, 2
0x00C6	0x28B0      	GOTO       L_Lcd_Out13
0x00C7	0x083D      	MOVF       FARG_Lcd_Out_row, 0
0x00C8	0x3A02      	XORLW      2
0x00C9	0x1903      	BTFSC      STATUS, 2
0x00CA	0x28B5      	GOTO       L_Lcd_Out14
0x00CB	0x083D      	MOVF       FARG_Lcd_Out_row, 0
0x00CC	0x3A03      	XORLW      3
0x00CD	0x1903      	BTFSC      STATUS, 2
0x00CE	0x28B8      	GOTO       L_Lcd_Out15
0x00CF	0x083D      	MOVF       FARG_Lcd_Out_row, 0
0x00D0	0x3A04      	XORLW      4
0x00D1	0x1903      	BTFSC      STATUS, 2
0x00D2	0x28BB      	GOTO       L_Lcd_Out16
0x00D3	0x28BE      	GOTO       L_Lcd_Out17
L_Lcd_Out12:
;__Lib_Lcd.c,194 :: 		
0x00D4	0x033E      	DECF       FARG_Lcd_Out_column, 0
0x00D5	0x00F0      	MOVWF      R0
0x00D6	0x083D      	MOVF       FARG_Lcd_Out_row, 0
0x00D7	0x07F0      	ADDWF      R0, 1
0x00D8	0x0870      	MOVF       R0, 0
0x00D9	0x00BD      	MOVWF      FARG_Lcd_Out_row
;__Lib_Lcd.c,196 :: 		
0x00DA	0x0870      	MOVF       R0, 0
0x00DB	0x00C2      	MOVWF      FARG_Lcd_Cmd_out_char
0x00DC	0x201C      	CALL       _Lcd_Cmd
;__Lib_Lcd.c,197 :: 		
0x00DD	0x1683      	BSF        STATUS, 5
0x00DE	0x103A      	BCF        __Lib_Lcd_cmd_status, BitPos(__Lib_Lcd_cmd_status+0)
;__Lib_Lcd.c,198 :: 		
0x00DF	0x01C0      	CLRF       Lcd_Out_i_L0
;__Lib_Lcd.c,199 :: 		
L_Lcd_Out18:
0x00E0	0x0840      	MOVF       Lcd_Out_i_L0, 0
0x00E1	0x073F      	ADDWF      FARG_Lcd_Out_text, 0
0x00E2	0x0084      	MOVWF      FSR
0x00E3	0x0800      	MOVF       INDF, 0
0x00E4	0x1903      	BTFSC      STATUS, 2
0x00E5	0x28EE      	GOTO       L_Lcd_Out19
;__Lib_Lcd.c,200 :: 		
0x00E6	0x0840      	MOVF       Lcd_Out_i_L0, 0
0x00E7	0x073F      	ADDWF      FARG_Lcd_Out_text, 0
0x00E8	0x0084      	MOVWF      FSR
0x00E9	0x0800      	MOVF       INDF, 0
0x00EA	0x00C1      	MOVWF      FARG_Lcd_Chr_CP_out_char
0x00EB	0x207E      	CALL       _Lcd_Chr_CP
0x00EC	0x0AC0      	INCF       Lcd_Out_i_L0, 1
0x00ED	0x28E0      	GOTO       L_Lcd_Out18
L_Lcd_Out19:
;__Lib_Lcd.c,201 :: 		
0x00EE	0x143A      	BSF        __Lib_Lcd_cmd_status, BitPos(__Lib_Lcd_cmd_status+0)
;__Lib_Lcd.c,202 :: 		
L_end_Lcd_Out:
0x00EF	0x0008      	RETURN
; end of _Lcd_Out
_NRM3232:
;__Lib_MathDouble.c,167 :: 		
;__Lib_MathDouble.c,173 :: 		
;__Lib_MathDouble.c,175 :: 		
0x00F0	0x01A0      	CLRF       __math_tempbD
;__Lib_MathDouble.c,176 :: 		
0x00F1	0x0872      	MOVF       R2, 0
;__Lib_MathDouble.c,177 :: 		
0x00F2	0x1D03      	BTFSS      STATUS, 2
;__Lib_MathDouble.c,178 :: 		
0x00F3	0x2905      	GOTO       NORM3232
;__Lib_MathDouble.c,179 :: 		
0x00F4	0x0871      	MOVF       R1, 0
;__Lib_MathDouble.c,180 :: 		
0x00F5	0x00F2      	MOVWF      R2
;__Lib_MathDouble.c,181 :: 		
0x00F6	0x0870      	MOVF       R0, 0
;__Lib_MathDouble.c,182 :: 		
0x00F7	0x00F1      	MOVWF      R1
;__Lib_MathDouble.c,183 :: 		
0x00F8	0x01F0      	CLRF       R0
;__Lib_MathDouble.c,184 :: 		
0x00F9	0x15A0      	BSF        __math_tempbD, 3
;__Lib_MathDouble.c,186 :: 		
0x00FA	0x0872      	MOVF       R2, 0
;__Lib_MathDouble.c,187 :: 		
0x00FB	0x1D03      	BTFSS      STATUS, 2
;__Lib_MathDouble.c,188 :: 		
0x00FC	0x2905      	GOTO       NORM3232
;__Lib_MathDouble.c,189 :: 		
0x00FD	0x0871      	MOVF       R1, 0
;__Lib_MathDouble.c,190 :: 		
0x00FE	0x00F2      	MOVWF      R2
;__Lib_MathDouble.c,191 :: 		
0x00FF	0x01F1      	CLRF       R1
;__Lib_MathDouble.c,192 :: 		
0x0100	0x11A0      	BCF        __math_tempbD, 3
;__Lib_MathDouble.c,193 :: 		
0x0101	0x1620      	BSF        __math_tempbD, 4
;__Lib_MathDouble.c,195 :: 		
0x0102	0x0872      	MOVF       R2, 0
;__Lib_MathDouble.c,196 :: 		
0x0103	0x1903      	BTFSC      STATUS, 2
;__Lib_MathDouble.c,197 :: 		
0x0104	0x2913      	GOTO       JPNRES032
;__Lib_MathDouble.c,198 :: 		
NORM3232:
;__Lib_MathDouble.c,199 :: 		
0x0105	0x0820      	MOVF       __math_tempbD, 0
;__Lib_MathDouble.c,200 :: 		
0x0106	0x02F3      	SUBWF      R3, 1
;__Lib_MathDouble.c,201 :: 		
0x0107	0x1D03      	BTFSS      STATUS, 2
;__Lib_MathDouble.c,202 :: 		
0x0108	0x1C03      	BTFSS      STATUS, 0
;__Lib_MathDouble.c,203 :: 		
0x0109	0x2917      	GOTO       JPNSETFUN32
;__Lib_MathDouble.c,204 :: 		
0x010A	0x1003      	BCF        STATUS, 0
;__Lib_MathDouble.c,205 :: 		
NORM3232A:
;__Lib_MathDouble.c,206 :: 		
0x010B	0x1BF2      	BTFSC      R2, 7
;__Lib_MathDouble.c,207 :: 		
0x010C	0x291B      	GOTO       JMPNFIXSIGN32
;__Lib_MathDouble.c,208 :: 		
0x010D	0x0DF0      	RLF        R0, 1
;__Lib_MathDouble.c,209 :: 		
0x010E	0x0DF1      	RLF        R1, 1
;__Lib_MathDouble.c,210 :: 		
0x010F	0x0DF2      	RLF        R2, 1
;__Lib_MathDouble.c,211 :: 		
0x0110	0x0BF3      	DECFSZ     R3, 1
;__Lib_MathDouble.c,212 :: 		
0x0111	0x290B      	GOTO       NORM3232A
;__Lib_MathDouble.c,213 :: 		
0x0112	0x2917      	GOTO       JPNSETFUN32
;__Lib_MathDouble.c,214 :: 		
JPNRES032:
;__Lib_MathDouble.c,215 :: 		
0x0113	0x3001      	MOVLW      1
;__Lib_MathDouble.c,216 :: 		
0x0114	0x00FC      	MOVWF      R12
;__Lib_MathDouble.c,218 :: 		
0x0115	0x2093      	CALL       _RES032
;__Lib_MathDouble.c,220 :: 		
0x0116	0x291E      	GOTO       NORM32EEE
;__Lib_MathDouble.c,221 :: 		
JPNSETFUN32:
;__Lib_MathDouble.c,222 :: 		
0x0117	0x3002      	MOVLW      2
;__Lib_MathDouble.c,223 :: 		
0x0118	0x00FC      	MOVWF      R12
;__Lib_MathDouble.c,225 :: 		
0x0119	0x2087      	CALL       _SETFUN32
;__Lib_MathDouble.c,227 :: 		
0x011A	0x291E      	GOTO       NORM32EEE
;__Lib_MathDouble.c,228 :: 		
JMPNFIXSIGN32:
;__Lib_MathDouble.c,229 :: 		
0x011B	0x3004      	MOVLW      4
;__Lib_MathDouble.c,230 :: 		
0x011C	0x00FC      	MOVWF      R12
;__Lib_MathDouble.c,232 :: 		
0x011D	0x207A      	CALL       _FIXSIGN32
;__Lib_MathDouble.c,234 :: 		
NORM32EEE:
;__Lib_MathDouble.c,236 :: 		
L_end_NRM3232:
0x011E	0x0008      	RETURN
; end of _NRM3232
_Lcd_Init:
;__Lib_Lcd.c,84 :: 		
;__Lib_Lcd.c,86 :: 		
0x011F	0x1683      	BSF        STATUS, 5
0x0120	0x1303      	BCF        STATUS, 6
0x0121	0x1088      	BCF        LCD_EN_Direction, BitPos(LCD_EN_Direction+0)
;__Lib_Lcd.c,87 :: 		
0x0122	0x1008      	BCF        LCD_RS_Direction, BitPos(LCD_RS_Direction+0)
;__Lib_Lcd.c,88 :: 		
0x0123	0x1207      	BCF        LCD_D4_Direction, BitPos(LCD_D4_Direction+0)
;__Lib_Lcd.c,89 :: 		
0x0124	0x1287      	BCF        LCD_D5_Direction, BitPos(LCD_D5_Direction+0)
;__Lib_Lcd.c,90 :: 		
0x0125	0x1307      	BCF        LCD_D6_Direction, BitPos(LCD_D6_Direction+0)
;__Lib_Lcd.c,91 :: 		
0x0126	0x1387      	BCF        LCD_D7_Direction, BitPos(LCD_D7_Direction+0)
;__Lib_Lcd.c,93 :: 		
0x0127	0x1283      	BCF        STATUS, 5
0x0128	0x1088      	BCF        LCD_EN, BitPos(LCD_EN+0)
;__Lib_Lcd.c,94 :: 		
0x0129	0x1008      	BCF        LCD_RS, BitPos(LCD_RS+0)
;__Lib_Lcd.c,95 :: 		
0x012A	0x1387      	BCF        LCD_D7, BitPos(LCD_D7+0)
;__Lib_Lcd.c,96 :: 		
0x012B	0x1307      	BCF        LCD_D6, BitPos(LCD_D6+0)
;__Lib_Lcd.c,97 :: 		
0x012C	0x1287      	BCF        LCD_D5, BitPos(LCD_D5+0)
;__Lib_Lcd.c,98 :: 		
0x012D	0x1207      	BCF        LCD_D4, BitPos(LCD_D4+0)
;__Lib_Lcd.c,100 :: 		
0x012E	0x2010      	CALL       _Delay_5500us
;__Lib_Lcd.c,101 :: 		
0x012F	0x2010      	CALL       _Delay_5500us
;__Lib_Lcd.c,102 :: 		
0x0130	0x2010      	CALL       _Delay_5500us
;__Lib_Lcd.c,105 :: 		
0x0131	0x1687      	BSF        LCD_D5, BitPos(LCD_D5+0)
;__Lib_Lcd.c,106 :: 		
0x0132	0x1607      	BSF        LCD_D4, BitPos(LCD_D4+0)
;__Lib_Lcd.c,107 :: 		
0x0133	0x1488      	BSF        LCD_EN, BitPos(LCD_EN+0)
;__Lib_Lcd.c,108 :: 		
0x0134	0x2003      	CALL       _Delay_1us
;__Lib_Lcd.c,109 :: 		
0x0135	0x1088      	BCF        LCD_EN, BitPos(LCD_EN+0)
;__Lib_Lcd.c,110 :: 		
0x0136	0x2010      	CALL       _Delay_5500us
;__Lib_Lcd.c,112 :: 		
0x0137	0x1488      	BSF        LCD_EN, BitPos(LCD_EN+0)
;__Lib_Lcd.c,113 :: 		
0x0138	0x2003      	CALL       _Delay_1us
;__Lib_Lcd.c,114 :: 		
0x0139	0x1088      	BCF        LCD_EN, BitPos(LCD_EN+0)
;__Lib_Lcd.c,115 :: 		
0x013A	0x2010      	CALL       _Delay_5500us
;__Lib_Lcd.c,117 :: 		
0x013B	0x1488      	BSF        LCD_EN, BitPos(LCD_EN+0)
;__Lib_Lcd.c,118 :: 		
0x013C	0x2003      	CALL       _Delay_1us
;__Lib_Lcd.c,119 :: 		
0x013D	0x1088      	BCF        LCD_EN, BitPos(LCD_EN+0)
;__Lib_Lcd.c,120 :: 		
0x013E	0x2010      	CALL       _Delay_5500us
;__Lib_Lcd.c,123 :: 		
0x013F	0x1207      	BCF        LCD_D4, BitPos(LCD_D4+0)
;__Lib_Lcd.c,124 :: 		
0x0140	0x1488      	BSF        LCD_EN, BitPos(LCD_EN+0)
;__Lib_Lcd.c,125 :: 		
0x0141	0x2003      	CALL       _Delay_1us
;__Lib_Lcd.c,126 :: 		
0x0142	0x1088      	BCF        LCD_EN, BitPos(LCD_EN+0)
;__Lib_Lcd.c,127 :: 		
0x0143	0x2010      	CALL       _Delay_5500us
;__Lib_Lcd.c,130 :: 		
0x0144	0x1488      	BSF        LCD_EN, BitPos(LCD_EN+0)
;__Lib_Lcd.c,131 :: 		
0x0145	0x2003      	CALL       _Delay_1us
;__Lib_Lcd.c,132 :: 		
0x0146	0x1088      	BCF        LCD_EN, BitPos(LCD_EN+0)
;__Lib_Lcd.c,134 :: 		
0x0147	0x1287      	BCF        LCD_D5, BitPos(LCD_D5+0)
;__Lib_Lcd.c,135 :: 		
0x0148	0x1787      	BSF        LCD_D7, BitPos(LCD_D7+0)
;__Lib_Lcd.c,136 :: 		
0x0149	0x1488      	BSF        LCD_EN, BitPos(LCD_EN+0)
;__Lib_Lcd.c,137 :: 		
0x014A	0x2003      	CALL       _Delay_1us
;__Lib_Lcd.c,138 :: 		
0x014B	0x1088      	BCF        LCD_EN, BitPos(LCD_EN+0)
;__Lib_Lcd.c,139 :: 		
0x014C	0x2010      	CALL       _Delay_5500us
;__Lib_Lcd.c,142 :: 		
0x014D	0x1387      	BCF        LCD_D7, BitPos(LCD_D7+0)
;__Lib_Lcd.c,143 :: 		
0x014E	0x1607      	BSF        LCD_D4, BitPos(LCD_D4+0)
;__Lib_Lcd.c,144 :: 		
0x014F	0x1488      	BSF        LCD_EN, BitPos(LCD_EN+0)
;__Lib_Lcd.c,145 :: 		
0x0150	0x2003      	CALL       _Delay_1us
;__Lib_Lcd.c,146 :: 		
0x0151	0x1088      	BCF        LCD_EN, BitPos(LCD_EN+0)
;__Lib_Lcd.c,148 :: 		
0x0152	0x1207      	BCF        LCD_D4, BitPos(LCD_D4+0)
;__Lib_Lcd.c,149 :: 		
0x0153	0x1488      	BSF        LCD_EN, BitPos(LCD_EN+0)
;__Lib_Lcd.c,150 :: 		
0x0154	0x2003      	CALL       _Delay_1us
;__Lib_Lcd.c,151 :: 		
0x0155	0x1088      	BCF        LCD_EN, BitPos(LCD_EN+0)
;__Lib_Lcd.c,152 :: 		
0x0156	0x2010      	CALL       _Delay_5500us
;__Lib_Lcd.c,155 :: 		
0x0157	0x1488      	BSF        LCD_EN, BitPos(LCD_EN+0)
;__Lib_Lcd.c,156 :: 		
0x0158	0x2003      	CALL       _Delay_1us
;__Lib_Lcd.c,157 :: 		
0x0159	0x1088      	BCF        LCD_EN, BitPos(LCD_EN+0)
;__Lib_Lcd.c,159 :: 		
0x015A	0x1607      	BSF        LCD_D4, BitPos(LCD_D4+0)
;__Lib_Lcd.c,160 :: 		
0x015B	0x1488      	BSF        LCD_EN, BitPos(LCD_EN+0)
;__Lib_Lcd.c,161 :: 		
0x015C	0x2003      	CALL       _Delay_1us
;__Lib_Lcd.c,162 :: 		
0x015D	0x1088      	BCF        LCD_EN, BitPos(LCD_EN+0)
;__Lib_Lcd.c,163 :: 		
0x015E	0x2010      	CALL       _Delay_5500us
;__Lib_Lcd.c,166 :: 		
0x015F	0x1207      	BCF        LCD_D4, BitPos(LCD_D4+0)
;__Lib_Lcd.c,167 :: 		
0x0160	0x1488      	BSF        LCD_EN, BitPos(LCD_EN+0)
;__Lib_Lcd.c,168 :: 		
0x0161	0x2003      	CALL       _Delay_1us
;__Lib_Lcd.c,169 :: 		
0x0162	0x1088      	BCF        LCD_EN, BitPos(LCD_EN+0)
;__Lib_Lcd.c,171 :: 		
0x0163	0x1787      	BSF        LCD_D7, BitPos(LCD_D7+0)
;__Lib_Lcd.c,172 :: 		
0x0164	0x1707      	BSF        LCD_D6, BitPos(LCD_D6+0)
;__Lib_Lcd.c,173 :: 		
0x0165	0x1687      	BSF        LCD_D5, BitPos(LCD_D5+0)
;__Lib_Lcd.c,174 :: 		
0x0166	0x1607      	BSF        LCD_D4, BitPos(LCD_D4+0)
;__Lib_Lcd.c,175 :: 		
0x0167	0x1488      	BSF        LCD_EN, BitPos(LCD_EN+0)
;__Lib_Lcd.c,176 :: 		
0x0168	0x2003      	CALL       _Delay_1us
;__Lib_Lcd.c,177 :: 		
0x0169	0x1088      	BCF        LCD_EN, BitPos(LCD_EN+0)
;__Lib_Lcd.c,179 :: 		
0x016A	0x2010      	CALL       _Delay_5500us
;__Lib_Lcd.c,181 :: 		
0x016B	0x1683      	BSF        STATUS, 5
0x016C	0x143A      	BSF        __Lib_Lcd_cmd_status, BitPos(__Lib_Lcd_cmd_status+0)
;__Lib_Lcd.c,182 :: 		
L_end_Lcd_Init:
0x016D	0x0008      	RETURN
; end of _Lcd_Init
_____DoICP:
;__Lib_System.c,6 :: 		
;__Lib_System.c,9 :: 		
0x016E	0x1283      	BCF        STATUS, 5
0x016F	0x1303      	BCF        STATUS, 6
0x0170	0x086F      	MOVF       ___DoICPAddr+1, 0
0x0171	0x008A      	MOVWF      PCLATH
;__Lib_System.c,10 :: 		
0x0172	0x086E      	MOVF       ___DoICPAddr, 0
0x0173	0x0082      	MOVWF      PCL
;__Lib_System.c,12 :: 		
L_end_____DoICP:
0x0174	0x0008      	RETURN
; end of _____DoICP
_SETFDZ32:
;__Lib_MathDouble.c,102 :: 		
;__Lib_MathDouble.c,105 :: 		
0x0175	0x15FB      	BSF        R11, 3
;__Lib_MathDouble.c,106 :: 		
0x0176	0x30FF      	MOVLW      255
;__Lib_MathDouble.c,108 :: 		
L_end_SETFDZ32:
0x0177	0x0008      	RETURN
; end of _SETFDZ32
_ADC_Read:
;__Lib_ADC_A_C.c,45 :: 		
;__Lib_ADC_A_C.c,47 :: 		
0x0178	0x1283      	BCF        STATUS, 5
0x0179	0x1303      	BCF        STATUS, 6
0x017A	0x019F      	CLRF       ADCON0
;__Lib_ADC_A_C.c,48 :: 		
0x017B	0x30C0      	MOVLW      192
0x017C	0x049F      	IORWF      ADCON0, 1
;__Lib_ADC_A_C.c,49 :: 		
0x017D	0x1683      	BSF        STATUS, 5
0x017E	0x171F      	BSF        ADCON1, 6
;__Lib_ADC_A_C.c,50 :: 		
0x017F	0x179F      	BSF        ADCON1, 7
;__Lib_ADC_A_C.c,51 :: 		
0x0180	0x083B      	MOVF       FARG_ADC_Read_channel, 0
0x0181	0x00F0      	MOVWF      R0
0x0182	0x0DF0      	RLF        R0, 1
0x0183	0x1070      	BCF        R0, 0
0x0184	0x0DF0      	RLF        R0, 1
0x0185	0x1070      	BCF        R0, 0
0x0186	0x0DF0      	RLF        R0, 1
0x0187	0x1070      	BCF        R0, 0
0x0188	0x0870      	MOVF       R0, 0
0x0189	0x1283      	BCF        STATUS, 5
0x018A	0x049F      	IORWF      ADCON0, 1
;__Lib_ADC_A_C.c,54 :: 		
0x018B	0x141F      	BSF        ADCON0, 0
;__Lib_ADC_A_C.c,57 :: 		
0x018C	0x209A      	CALL       _Delay_22us
;__Lib_ADC_A_C.c,60 :: 		
0x018D	0x151F      	BSF        ADCON0, 2
;__Lib_ADC_A_C.c,63 :: 		
L_ADC_Read2:
0x018E	0x1D1F      	BTFSS      ADCON0, 2
0x018F	0x2992      	GOTO       L_ADC_Read3
;__Lib_ADC_A_C.c,64 :: 		
0x0190	0x0000      	NOP
0x0191	0x298E      	GOTO       L_ADC_Read2
L_ADC_Read3:
;__Lib_ADC_A_C.c,67 :: 		
0x0192	0x101F      	BCF        ADCON0, 0
;__Lib_ADC_A_C.c,70 :: 		
0x0193	0x081E      	MOVF       ADRESH, 0
0x0194	0x00F1      	MOVWF      R0+1
0x0195	0x01F0      	CLRF       R0
0x0196	0x1683      	BSF        STATUS, 5
0x0197	0x081E      	MOVF       ADRESL, 0
0x0198	0x04F0      	IORWF      R0, 1
0x0199	0x3000      	MOVLW      0
0x019A	0x04F1      	IORWF      R0+1, 1
;__Lib_ADC_A_C.c,71 :: 		
L_end_ADC_Read:
0x019B	0x0008      	RETURN
; end of _ADC_Read
_delay:
;lift.c,24 :: 		void delay(){
;lift.c,25 :: 		int counter=0;
0x019C	0x1683      	BSF        STATUS, 5
0x019D	0x1303      	BCF        STATUS, 6
0x019E	0x01BB      	CLRF       delay_counter_L0
0x019F	0x01BC      	CLRF       delay_counter_L0+1
;lift.c,26 :: 		TMR0=0;
0x01A0	0x1283      	BCF        STATUS, 5
0x01A1	0x0181      	CLRF       TMR0
;lift.c,27 :: 		OPTION_REG=0x57;
0x01A2	0x3057      	MOVLW      87
0x01A3	0x1683      	BSF        STATUS, 5
0x01A4	0x0081      	MOVWF      OPTION_REG
;lift.c,28 :: 		INTCON=0x00;
0x01A5	0x018B      	CLRF       INTCON
;lift.c,29 :: 		TMR0IE_bit=1;
0x01A6	0x168B      	BSF        TMR0IE_bit, 5
;lift.c,30 :: 		while(1){
L_delay0:
;lift.c,31 :: 		if(TMR0IF_bit){
0x01A7	0x1D0B      	BTFSS      TMR0IF_bit, 2
0x01A8	0x29AD      	GOTO       L_delay2
;lift.c,32 :: 		counter++;
0x01A9	0x0ABB      	INCF       delay_counter_L0, 1
0x01AA	0x1903      	BTFSC      STATUS, 2
0x01AB	0x0ABC      	INCF       delay_counter_L0+1, 1
;lift.c,33 :: 		TMR0IF_bit=0;
0x01AC	0x110B      	BCF        TMR0IF_bit, 2
;lift.c,34 :: 		}
L_delay2:
;lift.c,35 :: 		if(counter==45)break;
0x01AD	0x3000      	MOVLW      0
0x01AE	0x063C      	XORWF      delay_counter_L0+1, 0
0x01AF	0x1D03      	BTFSS      STATUS, 2
0x01B0	0x29B3      	GOTO       L__delay37
0x01B1	0x302D      	MOVLW      45
0x01B2	0x063B      	XORWF      delay_counter_L0, 0
L__delay37:
0x01B3	0x1D03      	BTFSS      STATUS, 2
0x01B4	0x29B6      	GOTO       L_delay3
0x01B5	0x29B7      	GOTO       L_delay1
L_delay3:
;lift.c,36 :: 		}
0x01B6	0x29A7      	GOTO       L_delay0
L_delay1:
;lift.c,39 :: 		}
L_end_delay:
0x01B7	0x0008      	RETURN
; end of _delay
_Mul_32x32_FP:
;__Lib_MathDouble.c,610 :: 		
;__Lib_MathDouble.c,622 :: 		
;__Lib_MathDouble.c,624 :: 		
0x01B8	0x1283      	BCF        STATUS, 5
;__Lib_MathDouble.c,625 :: 		
0x01B9	0x1303      	BCF        STATUS, 6
;__Lib_MathDouble.c,627 :: 		
0x01BA	0x01FB      	CLRF       R11
;__Lib_MathDouble.c,628 :: 		
0x01BB	0x0873      	MOVF       R3, 0
;__Lib_MathDouble.c,629 :: 		
0x01BC	0x1D03      	BTFSS      STATUS, 2
;__Lib_MathDouble.c,630 :: 		
0x01BD	0x0877      	MOVF       R7, 0
;__Lib_MathDouble.c,631 :: 		
0x01BE	0x1903      	BTFSC      STATUS, 2
;__Lib_MathDouble.c,632 :: 		
0x01BF	0x2A0F      	GOTO       JPMRES032
;__Lib_MathDouble.c,634 :: 		
0x01C0	0x0872      	MOVF       R2, 0
;__Lib_MathDouble.c,635 :: 		
0x01C1	0x0676      	XORWF      R6, 0
;__Lib_MathDouble.c,636 :: 		
0x01C2	0x00FA      	MOVWF      R10
;__Lib_MathDouble.c,637 :: 		
0x01C3	0x0877      	MOVF       R7, 0
;__Lib_MathDouble.c,638 :: 		
0x01C4	0x07F3      	ADDWF      R3, 1
;__Lib_MathDouble.c,639 :: 		
0x01C5	0x307E      	MOVLW      126
;__Lib_MathDouble.c,640 :: 		
0x01C6	0x1C03      	BTFSS      STATUS, 0
;__Lib_MathDouble.c,641 :: 		
0x01C7	0x29CC      	GOTO       MTUN32
;__Lib_MathDouble.c,642 :: 		
0x01C8	0x02F3      	SUBWF      R3, 1
;__Lib_MathDouble.c,643 :: 		
0x01C9	0x1803      	BTFSC      STATUS, 0
;__Lib_MathDouble.c,644 :: 		
0x01CA	0x2A12      	GOTO       JPMSETFOV32
;__Lib_MathDouble.c,645 :: 		
0x01CB	0x29CF      	GOTO       MOK32
;__Lib_MathDouble.c,646 :: 		
MTUN32:
;__Lib_MathDouble.c,647 :: 		
0x01CC	0x02F3      	SUBWF      R3, 1
;__Lib_MathDouble.c,648 :: 		
0x01CD	0x1C03      	BTFSS      STATUS, 0
;__Lib_MathDouble.c,649 :: 		
0x01CE	0x2A15      	GOTO       JPMSETFUN32
;__Lib_MathDouble.c,650 :: 		
MOK32:
;__Lib_MathDouble.c,651 :: 		
0x01CF	0x0872      	MOVF       R2, 0
;__Lib_MathDouble.c,652 :: 		
0x01D0	0x00F8      	MOVWF      R8
;__Lib_MathDouble.c,653 :: 		
0x01D1	0x0871      	MOVF       R1, 0
;__Lib_MathDouble.c,654 :: 		
0x01D2	0x00FC      	MOVWF      R12
;__Lib_MathDouble.c,655 :: 		
0x01D3	0x0870      	MOVF       R0, 0
;__Lib_MathDouble.c,656 :: 		
0x01D4	0x00FD      	MOVWF      R13
;__Lib_MathDouble.c,657 :: 		
0x01D5	0x17F8      	BSF        R8, 7
;__Lib_MathDouble.c,658 :: 		
0x01D6	0x17F6      	BSF        R6, 7
;__Lib_MathDouble.c,659 :: 		
0x01D7	0x1003      	BCF        STATUS, 0
;__Lib_MathDouble.c,660 :: 		
0x01D8	0x01F2      	CLRF       R2
;__Lib_MathDouble.c,661 :: 		
0x01D9	0x01F1      	CLRF       R1
;__Lib_MathDouble.c,662 :: 		
0x01DA	0x01F0      	CLRF       R0
;__Lib_MathDouble.c,663 :: 		
0x01DB	0x3018      	MOVLW      24
;__Lib_MathDouble.c,664 :: 		
0x01DC	0x00A0      	MOVWF      __math_tempbD
;__Lib_MathDouble.c,665 :: 		
MLOOP32:
;__Lib_MathDouble.c,666 :: 		
0x01DD	0x1C7D      	BTFSS      R13, 0
;__Lib_MathDouble.c,667 :: 		
0x01DE	0x29E9      	GOTO       MNOADD32
;__Lib_MathDouble.c,669 :: 		
0x01DF	0x0874      	MOVF       R4, 0
;__Lib_MathDouble.c,670 :: 		
0x01E0	0x07F0      	ADDWF      R0, 1
;__Lib_MathDouble.c,671 :: 		
0x01E1	0x0875      	MOVF       R5, 0
;__Lib_MathDouble.c,672 :: 		
0x01E2	0x1803      	BTFSC      STATUS, 0
;__Lib_MathDouble.c,673 :: 		
0x01E3	0x0F75      	INCFSZ     R5, 0
;__Lib_MathDouble.c,674 :: 		
0x01E4	0x07F1      	ADDWF      R1, 1
;__Lib_MathDouble.c,675 :: 		
0x01E5	0x0876      	MOVF       R6, 0
;__Lib_MathDouble.c,676 :: 		
0x01E6	0x1803      	BTFSC      STATUS, 0
;__Lib_MathDouble.c,677 :: 		
0x01E7	0x0F76      	INCFSZ     R6, 0
;__Lib_MathDouble.c,678 :: 		
0x01E8	0x07F2      	ADDWF      R2, 1
;__Lib_MathDouble.c,679 :: 		
MNOADD32:
;__Lib_MathDouble.c,680 :: 		
0x01E9	0x0CF2      	RRF        R2, 1
;__Lib_MathDouble.c,681 :: 		
0x01EA	0x0CF1      	RRF        R1, 1
;__Lib_MathDouble.c,682 :: 		
0x01EB	0x0CF0      	RRF        R0, 1
;__Lib_MathDouble.c,683 :: 		
0x01EC	0x0CF8      	RRF        R8, 1
;__Lib_MathDouble.c,684 :: 		
0x01ED	0x0CFC      	RRF        R12, 1
;__Lib_MathDouble.c,685 :: 		
0x01EE	0x0CFD      	RRF        R13, 1
;__Lib_MathDouble.c,686 :: 		
0x01EF	0x1003      	BCF        STATUS, 0
;__Lib_MathDouble.c,687 :: 		
0x01F0	0x0BA0      	DECFSZ     __math_tempbD, 1
;__Lib_MathDouble.c,688 :: 		
0x01F1	0x29DD      	GOTO       MLOOP32
;__Lib_MathDouble.c,689 :: 		
0x01F2	0x1BF2      	BTFSC      R2, 7
;__Lib_MathDouble.c,690 :: 		
0x01F3	0x29F9      	GOTO       MROUND32
;__Lib_MathDouble.c,691 :: 		
0x01F4	0x0DF8      	RLF        R8, 1
;__Lib_MathDouble.c,692 :: 		
0x01F5	0x0DF0      	RLF        R0, 1
;__Lib_MathDouble.c,693 :: 		
0x01F6	0x0DF1      	RLF        R1, 1
;__Lib_MathDouble.c,694 :: 		
0x01F7	0x0DF2      	RLF        R2, 1
;__Lib_MathDouble.c,695 :: 		
0x01F8	0x03F3      	DECF       R3, 1
;__Lib_MathDouble.c,696 :: 		
MROUND32:
;__Lib_MathDouble.c,697 :: 		
0x01F9	0x1B7B      	BTFSC      R11, 6
;__Lib_MathDouble.c,698 :: 		
0x01FA	0x1C70      	BTFSS      R0, 0
;__Lib_MathDouble.c,699 :: 		
0x01FB	0x2A0B      	GOTO       MUL32OK
;__Lib_MathDouble.c,700 :: 		
0x01FC	0x1FF8      	BTFSS      R8, 7
;__Lib_MathDouble.c,701 :: 		
0x01FD	0x2A0B      	GOTO       MUL32OK
;__Lib_MathDouble.c,702 :: 		
0x01FE	0x0AF0      	INCF       R0, 1
;__Lib_MathDouble.c,703 :: 		
0x01FF	0x1903      	BTFSC      STATUS, 2
;__Lib_MathDouble.c,704 :: 		
0x0200	0x0AF1      	INCF       R1, 1
;__Lib_MathDouble.c,705 :: 		
0x0201	0x1903      	BTFSC      STATUS, 2
;__Lib_MathDouble.c,706 :: 		
0x0202	0x0AF2      	INCF       R2, 1
;__Lib_MathDouble.c,707 :: 		
0x0203	0x1D03      	BTFSS      STATUS, 2
;__Lib_MathDouble.c,708 :: 		
0x0204	0x2A0B      	GOTO       MUL32OK
;__Lib_MathDouble.c,709 :: 		
0x0205	0x0CF2      	RRF        R2, 1
;__Lib_MathDouble.c,710 :: 		
0x0206	0x0CF1      	RRF        R1, 1
;__Lib_MathDouble.c,711 :: 		
0x0207	0x0CF0      	RRF        R0, 1
;__Lib_MathDouble.c,712 :: 		
0x0208	0x0AF3      	INCF       R3, 1
;__Lib_MathDouble.c,713 :: 		
0x0209	0x1903      	BTFSC      STATUS, 2
;__Lib_MathDouble.c,714 :: 		
0x020A	0x2A12      	GOTO       JPMSETFOV32
;__Lib_MathDouble.c,715 :: 		
MUL32OK:
;__Lib_MathDouble.c,716 :: 		
0x020B	0x1FFA      	BTFSS      R10, 7
;__Lib_MathDouble.c,717 :: 		
0x020C	0x13F2      	BCF        R2, 7
;__Lib_MathDouble.c,718 :: 		
0x020D	0x3000      	MOVLW      0
;__Lib_MathDouble.c,720 :: 		
0x020E	0x2A17      	GOTO       MUL32EEE
;__Lib_MathDouble.c,721 :: 		
JPMRES032:
;__Lib_MathDouble.c,722 :: 		
0x020F	0x3001      	MOVLW      1
;__Lib_MathDouble.c,725 :: 		
0x0210	0x2093      	CALL       _RES032
;__Lib_MathDouble.c,727 :: 		
0x0211	0x2A17      	GOTO       MUL32EEE
;__Lib_MathDouble.c,728 :: 		
JPMSETFOV32:
;__Lib_MathDouble.c,729 :: 		
0x0212	0x3002      	MOVLW      2
;__Lib_MathDouble.c,732 :: 		
0x0213	0x20A3      	CALL       _SETFOV32
;__Lib_MathDouble.c,734 :: 		
0x0214	0x2A17      	GOTO       MUL32EEE
;__Lib_MathDouble.c,735 :: 		
JPMSETFUN32:
;__Lib_MathDouble.c,736 :: 		
0x0215	0x3004      	MOVLW      4
;__Lib_MathDouble.c,739 :: 		
0x0216	0x2087      	CALL       _SETFUN32
;__Lib_MathDouble.c,741 :: 		
MUL32EEE:
;__Lib_MathDouble.c,742 :: 		
0x0217	0x0000      	NOP
;__Lib_MathDouble.c,749 :: 		
L_end_Mul_32x32_FP:
0x0218	0x0008      	RETURN
; end of _Mul_32x32_FP
_Word2Double:
;__Lib_MathDouble.c,1862 :: 		
;__Lib_MathDouble.c,1868 :: 		
0x0219	0x1283      	BCF        STATUS, 5
;__Lib_MathDouble.c,1869 :: 		
0x021A	0x1303      	BCF        STATUS, 6
;__Lib_MathDouble.c,1870 :: 		
0x021B	0x0870      	MOVF       R0, 0
;__Lib_MathDouble.c,1871 :: 		
0x021C	0x00F8      	MOVWF      R8
;__Lib_MathDouble.c,1872 :: 		
0x021D	0x0871      	MOVF       R1, 0
;__Lib_MathDouble.c,1873 :: 		
0x021E	0x00F0      	MOVWF      R0
;__Lib_MathDouble.c,1874 :: 		
0x021F	0x01F1      	CLRF       R1
;__Lib_MathDouble.c,1875 :: 		
0x0220	0x01F2      	CLRF       R2
;__Lib_MathDouble.c,1876 :: 		
0x0221	0x01F3      	CLRF       R3
;__Lib_MathDouble.c,1879 :: 		
0x0222	0x01FB      	CLRF       R11
;__Lib_MathDouble.c,1880 :: 		
0x0223	0x01FC      	CLRF       R12
;__Lib_MathDouble.c,1882 :: 		
0x0224	0x3096      	MOVLW      150
;__Lib_MathDouble.c,1883 :: 		
0x0225	0x00F3      	MOVWF      R3
;__Lib_MathDouble.c,1884 :: 		
0x0226	0x01FA      	CLRF       R10
;__Lib_MathDouble.c,1886 :: 		
0x0227	0x0870      	MOVF       R0, 0
;__Lib_MathDouble.c,1887 :: 		
0x0228	0x00F1      	MOVWF      R1
;__Lib_MathDouble.c,1888 :: 		
0x0229	0x0878      	MOVF       R8, 0
;__Lib_MathDouble.c,1889 :: 		
0x022A	0x00F0      	MOVWF      R0
;__Lib_MathDouble.c,1890 :: 		
0x022B	0x01F8      	CLRF       R8
;__Lib_MathDouble.c,1891 :: 		
0x022C	0x01F2      	CLRF       R2
;__Lib_MathDouble.c,1893 :: 		
0x022D	0x20F0      	CALL       _NRM3232
;__Lib_MathDouble.c,1894 :: 		
L_end_Word2Double:
0x022E	0x0008      	RETURN
; end of _Word2Double
_Compare_Double:
;__Lib_MathDouble.c,2053 :: 		
;__Lib_MathDouble.c,2062 :: 		
;__Lib_MathDouble.c,2064 :: 		
0x022F	0x1283      	BCF        STATUS, 5
;__Lib_MathDouble.c,2065 :: 		
0x0230	0x1303      	BCF        STATUS, 6
;__Lib_MathDouble.c,2067 :: 		
0x0231	0x01FA      	CLRF       R10
;__Lib_MathDouble.c,2068 :: 		
0x0232	0x0873      	MOVF       R3, 0
;__Lib_MathDouble.c,2069 :: 		
0x0233	0x1D03      	BTFSS      STATUS, 2
;__Lib_MathDouble.c,2070 :: 		
0x0234	0x147A      	BSF        R10, 0
;__Lib_MathDouble.c,2071 :: 		
0x0235	0x0877      	MOVF       R7, 0
;__Lib_MathDouble.c,2072 :: 		
0x0236	0x1D03      	BTFSS      STATUS, 2
;__Lib_MathDouble.c,2073 :: 		
0x0237	0x14FA      	BSF        R10, 1
;__Lib_MathDouble.c,2075 :: 		
0x0238	0x087A      	MOVF       R10, 0
;__Lib_MathDouble.c,2076 :: 		
0x0239	0x1903      	BTFSC      STATUS, 2
;__Lib_MathDouble.c,2077 :: 		
0x023A	0x2A7B      	GOTO       COMPARE_EQU
;__Lib_MathDouble.c,2078 :: 		
0x023B	0x3A03      	XORLW      3
;__Lib_MathDouble.c,2079 :: 		
0x023C	0x1903      	BTFSC      STATUS, 2
;__Lib_MathDouble.c,2080 :: 		
0x023D	0x2A46      	GOTO       COMPARE_NOTZERO
;__Lib_MathDouble.c,2082 :: 		
0x023E	0x187A      	BTFSC      R10, 0
;__Lib_MathDouble.c,2083 :: 		
0x023F	0x2A43      	GOTO       COMPARE_XNOTZERO
;__Lib_MathDouble.c,2085 :: 		
0x0240	0x1FF6      	BTFSS      R6, 7
;__Lib_MathDouble.c,2086 :: 		
0x0241	0x2A79      	GOTO       COMPARE_LT
;__Lib_MathDouble.c,2087 :: 		
0x0242	0x2A77      	GOTO       COMPARE_GT
;__Lib_MathDouble.c,2088 :: 		
COMPARE_XNOTZERO:
;__Lib_MathDouble.c,2089 :: 		
0x0243	0x1FF2      	BTFSS      R2, 7
;__Lib_MathDouble.c,2090 :: 		
0x0244	0x2A77      	GOTO       COMPARE_GT
;__Lib_MathDouble.c,2091 :: 		
0x0245	0x2A79      	GOTO       COMPARE_LT
;__Lib_MathDouble.c,2093 :: 		
COMPARE_NOTZERO:
;__Lib_MathDouble.c,2094 :: 		
0x0246	0x0872      	MOVF       R2, 0
;__Lib_MathDouble.c,2095 :: 		
0x0247	0x3980      	ANDLW      128
;__Lib_MathDouble.c,2096 :: 		
0x0248	0x00FA      	MOVWF      R10
;__Lib_MathDouble.c,2097 :: 		
0x0249	0x13F2      	BCF        R2, 7
;__Lib_MathDouble.c,2099 :: 		
0x024A	0x0876      	MOVF       R6, 0
;__Lib_MathDouble.c,2100 :: 		
0x024B	0x3980      	ANDLW      128
;__Lib_MathDouble.c,2101 :: 		
0x024C	0x13F6      	BCF        R6, 7
;__Lib_MathDouble.c,2103 :: 		
0x024D	0x067A      	XORWF      R10, 0
;__Lib_MathDouble.c,2104 :: 		
0x024E	0x1903      	BTFSC      STATUS, 2
;__Lib_MathDouble.c,2105 :: 		
0x024F	0x2A54      	GOTO       COMPARE_TESTALL
;__Lib_MathDouble.c,2107 :: 		
0x0250	0x087A      	MOVF       R10, 0
;__Lib_MathDouble.c,2108 :: 		
0x0251	0x1903      	BTFSC      STATUS, 2
;__Lib_MathDouble.c,2109 :: 		
0x0252	0x2A77      	GOTO       COMPARE_GT
;__Lib_MathDouble.c,2110 :: 		
0x0253	0x2A79      	GOTO       COMPARE_LT
;__Lib_MathDouble.c,2112 :: 		
COMPARE_TESTALL:
;__Lib_MathDouble.c,2113 :: 		
0x0254	0x0877      	MOVF       R7, 0
;__Lib_MathDouble.c,2114 :: 		
0x0255	0x0273      	SUBWF      R3, 0
;__Lib_MathDouble.c,2115 :: 		
0x0256	0x1903      	BTFSC      STATUS, 2
;__Lib_MathDouble.c,2116 :: 		
0x0257	0x2A5B      	GOTO       COMPARE_C1
;__Lib_MathDouble.c,2117 :: 		
0x0258	0x1C03      	BTFSS      STATUS, 0
;__Lib_MathDouble.c,2118 :: 		
0x0259	0x2A6F      	GOTO       GT_FALSE
;__Lib_MathDouble.c,2119 :: 		
0x025A	0x2A73      	GOTO       GT_TRUE
;__Lib_MathDouble.c,2120 :: 		
COMPARE_C1:
;__Lib_MathDouble.c,2121 :: 		
0x025B	0x0876      	MOVF       R6, 0
;__Lib_MathDouble.c,2122 :: 		
0x025C	0x0272      	SUBWF      R2, 0
;__Lib_MathDouble.c,2123 :: 		
0x025D	0x1903      	BTFSC      STATUS, 2
;__Lib_MathDouble.c,2124 :: 		
0x025E	0x2A62      	GOTO       COMPARE_C2
;__Lib_MathDouble.c,2125 :: 		
0x025F	0x1C03      	BTFSS      STATUS, 0
;__Lib_MathDouble.c,2126 :: 		
0x0260	0x2A6F      	GOTO       GT_FALSE
;__Lib_MathDouble.c,2127 :: 		
0x0261	0x2A73      	GOTO       GT_TRUE
;__Lib_MathDouble.c,2128 :: 		
COMPARE_C2:
;__Lib_MathDouble.c,2129 :: 		
0x0262	0x0875      	MOVF       R5, 0
;__Lib_MathDouble.c,2130 :: 		
0x0263	0x0271      	SUBWF      R1, 0
;__Lib_MathDouble.c,2131 :: 		
0x0264	0x1903      	BTFSC      STATUS, 2
;__Lib_MathDouble.c,2132 :: 		
0x0265	0x2A69      	GOTO       COMPARE_C3
;__Lib_MathDouble.c,2133 :: 		
0x0266	0x1C03      	BTFSS      STATUS, 0
;__Lib_MathDouble.c,2134 :: 		
0x0267	0x2A6F      	GOTO       GT_FALSE
;__Lib_MathDouble.c,2135 :: 		
0x0268	0x2A73      	GOTO       GT_TRUE
;__Lib_MathDouble.c,2136 :: 		
COMPARE_C3:
;__Lib_MathDouble.c,2137 :: 		
0x0269	0x0874      	MOVF       R4, 0
;__Lib_MathDouble.c,2138 :: 		
0x026A	0x0270      	SUBWF      R0, 0
;__Lib_MathDouble.c,2139 :: 		
0x026B	0x1903      	BTFSC      STATUS, 2
;__Lib_MathDouble.c,2140 :: 		
0x026C	0x2A7B      	GOTO       COMPARE_EQU
;__Lib_MathDouble.c,2141 :: 		
0x026D	0x1803      	BTFSC      STATUS, 0
;__Lib_MathDouble.c,2142 :: 		
0x026E	0x2A73      	GOTO       GT_TRUE
;__Lib_MathDouble.c,2144 :: 		
GT_FALSE:
;__Lib_MathDouble.c,2145 :: 		
0x026F	0x08FA      	MOVF       R10, 1
;__Lib_MathDouble.c,2146 :: 		
0x0270	0x1903      	BTFSC      STATUS, 2
;__Lib_MathDouble.c,2147 :: 		
0x0271	0x2A79      	GOTO       COMPARE_LT
;__Lib_MathDouble.c,2148 :: 		
0x0272	0x2A77      	GOTO       COMPARE_GT
;__Lib_MathDouble.c,2149 :: 		
GT_TRUE:
;__Lib_MathDouble.c,2150 :: 		
0x0273	0x08FA      	MOVF       R10, 1
;__Lib_MathDouble.c,2151 :: 		
0x0274	0x1903      	BTFSC      STATUS, 2
;__Lib_MathDouble.c,2152 :: 		
0x0275	0x2A77      	GOTO       COMPARE_GT
;__Lib_MathDouble.c,2153 :: 		
0x0276	0x2A79      	GOTO       COMPARE_LT
;__Lib_MathDouble.c,2155 :: 		
COMPARE_GT:
;__Lib_MathDouble.c,2158 :: 		
0x0277	0x1403      	BSF        STATUS, 0
;__Lib_MathDouble.c,2159 :: 		
0x0278	0x0008      	RETURN
;__Lib_MathDouble.c,2160 :: 		
COMPARE_LT:
;__Lib_MathDouble.c,2163 :: 		
0x0279	0x1003      	BCF        STATUS, 0
;__Lib_MathDouble.c,2164 :: 		
0x027A	0x0008      	RETURN
;__Lib_MathDouble.c,2165 :: 		
COMPARE_EQU:
;__Lib_MathDouble.c,2168 :: 		
0x027B	0x1403      	BSF        STATUS, 0
;__Lib_MathDouble.c,2169 :: 		
0x027C	0x1503      	BSF        STATUS, 2
;__Lib_MathDouble.c,2170 :: 		
0x027D	0x0008      	RETURN
;__Lib_MathDouble.c,2172 :: 		
L_end_Compare_Double:
0x027E	0x0008      	RETURN
; end of _Compare_Double
_tempDisplay:
;lift.c,41 :: 		void tempDisplay(){
;lift.c,42 :: 		Lcd_Cmd(_LCD_CLEAR);
0x027F	0x3001      	MOVLW      1
0x0280	0x1683      	BSF        STATUS, 5
0x0281	0x1303      	BCF        STATUS, 6
0x0282	0x00C2      	MOVWF      FARG_Lcd_Cmd_out_char
0x0283	0x201C      	CALL       _Lcd_Cmd
;lift.c,43 :: 		Lcd_Out(1,3,frank1);
0x0284	0x3001      	MOVLW      1
0x0285	0x1683      	BSF        STATUS, 5
0x0286	0x00BD      	MOVWF      FARG_Lcd_Out_row
0x0287	0x3003      	MOVLW      3
0x0288	0x00BE      	MOVWF      FARG_Lcd_Out_column
0x0289	0x303E      	MOVLW      _frank1
0x028A	0x00BF      	MOVWF      FARG_Lcd_Out_text
0x028B	0x20AF      	CALL       _Lcd_Out
;lift.c,44 :: 		Lcd_Out(2,6,frank2);
0x028C	0x3002      	MOVLW      2
0x028D	0x00BD      	MOVWF      FARG_Lcd_Out_row
0x028E	0x3006      	MOVLW      6
0x028F	0x00BE      	MOVWF      FARG_Lcd_Out_column
0x0290	0x304A      	MOVLW      _frank2
0x0291	0x00BF      	MOVWF      FARG_Lcd_Out_text
0x0292	0x20AF      	CALL       _Lcd_Out
;lift.c,45 :: 		}
L_end_tempDisplay:
0x0293	0x0008      	RETURN
; end of _tempDisplay
___CC2DW:
;__Lib_System.c,134 :: 		
;__Lib_System.c,137 :: 		
_CC2D_Loop1:
;__Lib_System.c,139 :: 		
0x0294	0x216E      	CALL       _____DoICP
0x0295	0x118A      	BCF        PCLATH, 3
0x0296	0x120A      	BCF        PCLATH, 4
;__Lib_System.c,141 :: 		
0x0297	0x0080      	MOVWF      INDF
;__Lib_System.c,142 :: 		
0x0298	0x0A84      	INCF       FSR, 1
;__Lib_System.c,143 :: 		
0x0299	0x0AEE      	INCF       ___DoICPAddr, 1
;__Lib_System.c,145 :: 		
0x029A	0x1903      	BTFSC      STATUS, 2
;__Lib_System.c,146 :: 		
0x029B	0x0AEF      	INCF       ___DoICPAddr+1, 1
;__Lib_System.c,147 :: 		
0x029C	0x03F0      	DECF       R0, 1
;__Lib_System.c,149 :: 		
0x029D	0x1D03      	BTFSS      STATUS, 2
;__Lib_System.c,150 :: 		
0x029E	0x2A94      	GOTO       _CC2D_Loop1
;__Lib_System.c,152 :: 		
L_end___CC2DW:
0x029F	0x0008      	RETURN
; end of ___CC2DW
_Div_32x32_FP:
;__Lib_MathDouble.c,761 :: 		
;__Lib_MathDouble.c,773 :: 		
;__Lib_MathDouble.c,776 :: 		
0x02A0	0x1283      	BCF        STATUS, 5
0x02A1	0x1303      	BCF        STATUS, 6
0x02A2	0x0874      	MOVF       R4, 0
0x02A3	0x3A00      	XORLW      0
0x02A4	0x1D03      	BTFSS      STATUS, 2
0x02A5	0x2ABB      	GOTO       L_Div_32x32_FP7
;__Lib_MathDouble.c,777 :: 		
0x02A6	0x0875      	MOVF       R5, 0
0x02A7	0x3A00      	XORLW      0
0x02A8	0x1D03      	BTFSS      STATUS, 2
0x02A9	0x2ABB      	GOTO       L_Div_32x32_FP8
;__Lib_MathDouble.c,778 :: 		
0x02AA	0x0876      	MOVF       R6, 0
0x02AB	0x3A00      	XORLW      0
0x02AC	0x1D03      	BTFSS      STATUS, 2
0x02AD	0x2ABB      	GOTO       L_Div_32x32_FP9
;__Lib_MathDouble.c,779 :: 		
0x02AE	0x0877      	MOVF       R7, 0
0x02AF	0x3A00      	XORLW      0
0x02B0	0x1D03      	BTFSS      STATUS, 2
0x02B1	0x2ABB      	GOTO       L_Div_32x32_FP10
;__Lib_MathDouble.c,780 :: 		
0x02B2	0x30FF      	MOVLW      255
0x02B3	0x00F0      	MOVWF      R0
;__Lib_MathDouble.c,781 :: 		
0x02B4	0x30FF      	MOVLW      255
0x02B5	0x00F1      	MOVWF      R1
;__Lib_MathDouble.c,782 :: 		
0x02B6	0x307F      	MOVLW      127
0x02B7	0x00F2      	MOVWF      R2
;__Lib_MathDouble.c,783 :: 		
0x02B8	0x30FF      	MOVLW      255
0x02B9	0x00F3      	MOVWF      R3
;__Lib_MathDouble.c,784 :: 		
0x02BA	0x2B56      	GOTO       L_end_Div_32x32_FP
;__Lib_MathDouble.c,785 :: 		
L_Div_32x32_FP10:
L_Div_32x32_FP9:
L_Div_32x32_FP8:
L_Div_32x32_FP7:
;__Lib_MathDouble.c,788 :: 		
0x02BB	0x1283      	BCF        STATUS, 5
;__Lib_MathDouble.c,789 :: 		
0x02BC	0x1303      	BCF        STATUS, 6
;__Lib_MathDouble.c,791 :: 		
0x02BD	0x0877      	MOVF       R7, 0
;__Lib_MathDouble.c,792 :: 		
0x02BE	0x1903      	BTFSC      STATUS, 2
;__Lib_MathDouble.c,793 :: 		
0x02BF	0x2B4A      	GOTO       JPDSETFDZ32
;__Lib_MathDouble.c,795 :: 		
0x02C0	0x0873      	MOVF       R3, 0
;__Lib_MathDouble.c,796 :: 		
0x02C1	0x1903      	BTFSC      STATUS, 2
;__Lib_MathDouble.c,797 :: 		
0x02C2	0x2B4D      	GOTO       JPDRES032
;__Lib_MathDouble.c,799 :: 		
0x02C3	0x0872      	MOVF       R2, 0
;__Lib_MathDouble.c,800 :: 		
0x02C4	0x0676      	XORWF      R6, 0
;__Lib_MathDouble.c,801 :: 		
0x02C5	0x3980      	ANDLW      128
;__Lib_MathDouble.c,802 :: 		
0x02C6	0x00FA      	MOVWF      R10
;__Lib_MathDouble.c,803 :: 		
0x02C7	0x17F2      	BSF        R2, 7
;__Lib_MathDouble.c,804 :: 		
0x02C8	0x17F6      	BSF        R6, 7
;__Lib_MathDouble.c,806 :: 		
0x02C9	0x01A0      	CLRF       __math_tempbD
;__Lib_MathDouble.c,807 :: 		
0x02CA	0x0872      	MOVF       R2, 0
;__Lib_MathDouble.c,808 :: 		
0x02CB	0x00F8      	MOVWF      R8
;__Lib_MathDouble.c,809 :: 		
0x02CC	0x0871      	MOVF       R1, 0
;__Lib_MathDouble.c,810 :: 		
0x02CD	0x00FC      	MOVWF      R12
;__Lib_MathDouble.c,811 :: 		
0x02CE	0x0870      	MOVF       R0, 0
;__Lib_MathDouble.c,812 :: 		
0x02CF	0x00FD      	MOVWF      R13
;__Lib_MathDouble.c,814 :: 		
0x02D0	0x0874      	MOVF       R4, 0
;__Lib_MathDouble.c,815 :: 		
0x02D1	0x02FD      	SUBWF      R13, 1
;__Lib_MathDouble.c,816 :: 		
0x02D2	0x0875      	MOVF       R5, 0
;__Lib_MathDouble.c,817 :: 		
0x02D3	0x1C03      	BTFSS      STATUS, 0
;__Lib_MathDouble.c,818 :: 		
0x02D4	0x0F75      	INCFSZ     R5, 0
;__Lib_MathDouble.c,820 :: 		
0x02D5	0x02FC      	SUBWF      R12, 1
;__Lib_MathDouble.c,821 :: 		
0x02D6	0x0876      	MOVF       R6, 0
;__Lib_MathDouble.c,822 :: 		
0x02D7	0x1C03      	BTFSS      STATUS, 0
;__Lib_MathDouble.c,823 :: 		
0x02D8	0x0F76      	INCFSZ     R6, 0
;__Lib_MathDouble.c,825 :: 		
0x02D9	0x02F8      	SUBWF      R8, 1
;__Lib_MathDouble.c,826 :: 		
0x02DA	0x01F8      	CLRF       R8
;__Lib_MathDouble.c,827 :: 		
0x02DB	0x01FC      	CLRF       R12
;__Lib_MathDouble.c,828 :: 		
0x02DC	0x01FD      	CLRF       R13
;__Lib_MathDouble.c,829 :: 		
0x02DD	0x1C03      	BTFSS      STATUS, 0
;__Lib_MathDouble.c,830 :: 		
0x02DE	0x2AE6      	GOTO       DALIGN32OK
;__Lib_MathDouble.c,832 :: 		
0x02DF	0x1003      	BCF        STATUS, 0
;__Lib_MathDouble.c,833 :: 		
0x02E0	0x0CF2      	RRF        R2, 1
;__Lib_MathDouble.c,834 :: 		
0x02E1	0x0CF1      	RRF        R1, 1
;__Lib_MathDouble.c,835 :: 		
0x02E2	0x0CF0      	RRF        R0, 1
;__Lib_MathDouble.c,836 :: 		
0x02E3	0x0CF8      	RRF        R8, 1
;__Lib_MathDouble.c,837 :: 		
0x02E4	0x3001      	MOVLW      1
;__Lib_MathDouble.c,838 :: 		
0x02E5	0x00A0      	MOVWF      __math_tempbD
;__Lib_MathDouble.c,839 :: 		
DALIGN32OK:
;__Lib_MathDouble.c,840 :: 		
0x02E6	0x0877      	MOVF       R7, 0
;__Lib_MathDouble.c,841 :: 		
0x02E7	0x02F3      	SUBWF      R3, 1
;__Lib_MathDouble.c,842 :: 		
0x02E8	0x1C03      	BTFSS      STATUS, 0
;__Lib_MathDouble.c,843 :: 		
0x02E9	0x2AF0      	GOTO       ALTB32
;__Lib_MathDouble.c,845 :: 		
0x02EA	0x307E      	MOVLW      126
;__Lib_MathDouble.c,846 :: 		
0x02EB	0x0720      	ADDWF      __math_tempbD, 0
;__Lib_MathDouble.c,847 :: 		
0x02EC	0x07F3      	ADDWF      R3, 1
;__Lib_MathDouble.c,848 :: 		
0x02ED	0x1803      	BTFSC      STATUS, 0
;__Lib_MathDouble.c,849 :: 		
0x02EE	0x2B50      	GOTO       JPDSETFOV32
;__Lib_MathDouble.c,850 :: 		
0x02EF	0x2AF5      	GOTO       DARGOK32
;__Lib_MathDouble.c,851 :: 		
ALTB32:
;__Lib_MathDouble.c,852 :: 		
0x02F0	0x307E      	MOVLW      126
;__Lib_MathDouble.c,853 :: 		
0x02F1	0x0720      	ADDWF      __math_tempbD, 0
;__Lib_MathDouble.c,854 :: 		
0x02F2	0x07F3      	ADDWF      R3, 1
;__Lib_MathDouble.c,855 :: 		
0x02F3	0x1C03      	BTFSS      STATUS, 0
;__Lib_MathDouble.c,856 :: 		
0x02F4	0x2B53      	GOTO       JPDSETFUN32
;__Lib_MathDouble.c,857 :: 		
DARGOK32:
;__Lib_MathDouble.c,858 :: 		
0x02F5	0x3018      	MOVLW      24
;__Lib_MathDouble.c,860 :: 		
0x02F6	0x07FA      	ADDWF      R10, 1
;__Lib_MathDouble.c,861 :: 		
DLOOP32:
;__Lib_MathDouble.c,862 :: 		
0x02F7	0x0DFD      	RLF        R13, 1
;__Lib_MathDouble.c,863 :: 		
0x02F8	0x0DFC      	RLF        R12, 1
;__Lib_MathDouble.c,864 :: 		
0x02F9	0x0DF8      	RLF        R8, 1
;__Lib_MathDouble.c,865 :: 		
0x02FA	0x0DF0      	RLF        R0, 1
;__Lib_MathDouble.c,866 :: 		
0x02FB	0x0DF1      	RLF        R1, 1
;__Lib_MathDouble.c,867 :: 		
0x02FC	0x0DF2      	RLF        R2, 1
;__Lib_MathDouble.c,868 :: 		
0x02FD	0x0DA0      	RLF        __math_tempbD, 1
;__Lib_MathDouble.c,870 :: 		
0x02FE	0x0874      	MOVF       R4, 0
;__Lib_MathDouble.c,871 :: 		
0x02FF	0x02F0      	SUBWF      R0, 1
;__Lib_MathDouble.c,872 :: 		
0x0300	0x0875      	MOVF       R5, 0
;__Lib_MathDouble.c,873 :: 		
0x0301	0x1C03      	BTFSS      STATUS, 0
;__Lib_MathDouble.c,874 :: 		
0x0302	0x0F75      	INCFSZ     R5, 0
;__Lib_MathDouble.c,876 :: 		
0x0303	0x02F1      	SUBWF      R1, 1
;__Lib_MathDouble.c,877 :: 		
0x0304	0x0876      	MOVF       R6, 0
;__Lib_MathDouble.c,878 :: 		
0x0305	0x1C03      	BTFSS      STATUS, 0
;__Lib_MathDouble.c,879 :: 		
0x0306	0x0F76      	INCFSZ     R6, 0
;__Lib_MathDouble.c,881 :: 		
0x0307	0x02F2      	SUBWF      R2, 1
;__Lib_MathDouble.c,882 :: 		
0x0308	0x0D76      	RLF        R6, 0
;__Lib_MathDouble.c,883 :: 		
0x0309	0x04A0      	IORWF      __math_tempbD, 1
;__Lib_MathDouble.c,884 :: 		
0x030A	0x1C20      	BTFSS      __math_tempbD, 0
;__Lib_MathDouble.c,885 :: 		
0x030B	0x2B0E      	GOTO       DREST32
;__Lib_MathDouble.c,886 :: 		
0x030C	0x147D      	BSF        R13, 0
;__Lib_MathDouble.c,887 :: 		
0x030D	0x2B19      	GOTO       DOK32
;__Lib_MathDouble.c,888 :: 		
DREST32:
;__Lib_MathDouble.c,889 :: 		
0x030E	0x0874      	MOVF       R4, 0
;__Lib_MathDouble.c,890 :: 		
0x030F	0x07F0      	ADDWF      R0, 1
;__Lib_MathDouble.c,891 :: 		
0x0310	0x0875      	MOVF       R5, 0
;__Lib_MathDouble.c,892 :: 		
0x0311	0x1803      	BTFSC      STATUS, 0
;__Lib_MathDouble.c,893 :: 		
0x0312	0x0F75      	INCFSZ     R5, 0
;__Lib_MathDouble.c,895 :: 		
0x0313	0x07F1      	ADDWF      R1, 1
;__Lib_MathDouble.c,896 :: 		
0x0314	0x0876      	MOVF       R6, 0
;__Lib_MathDouble.c,897 :: 		
0x0315	0x1803      	BTFSC      STATUS, 0
;__Lib_MathDouble.c,898 :: 		
0x0316	0x0A76      	INCF       R6, 0
;__Lib_MathDouble.c,899 :: 		
0x0317	0x07F2      	ADDWF      R2, 1
;__Lib_MathDouble.c,900 :: 		
0x0318	0x107D      	BCF        R13, 0
;__Lib_MathDouble.c,901 :: 		
DOK32:
;__Lib_MathDouble.c,903 :: 		
0x0319	0x03FA      	DECF       R10, 1
;__Lib_MathDouble.c,904 :: 		
0x031A	0x301F      	MOVLW      31
;__Lib_MathDouble.c,905 :: 		
0x031B	0x057A      	ANDWF      R10, 0
;__Lib_MathDouble.c,906 :: 		
0x031C	0x1D03      	BTFSS      STATUS, 2
;__Lib_MathDouble.c,907 :: 		
0x031D	0x2AF7      	GOTO       DLOOP32
;__Lib_MathDouble.c,909 :: 		
0x031E	0x1B7B      	BTFSC      R11, 6
;__Lib_MathDouble.c,910 :: 		
0x031F	0x1C7D      	BTFSS      R13, 0
;__Lib_MathDouble.c,911 :: 		
0x0320	0x2B40      	GOTO       DIV32OK
;__Lib_MathDouble.c,912 :: 		
0x0321	0x1003      	BCF        STATUS, 0
;__Lib_MathDouble.c,913 :: 		
0x0322	0x0DF0      	RLF        R0, 1
;__Lib_MathDouble.c,914 :: 		
0x0323	0x0DF1      	RLF        R1, 1
;__Lib_MathDouble.c,915 :: 		
0x0324	0x0DF2      	RLF        R2, 1
;__Lib_MathDouble.c,916 :: 		
0x0325	0x0DA0      	RLF        __math_tempbD, 1
;__Lib_MathDouble.c,918 :: 		
0x0326	0x0874      	MOVF       R4, 0
;__Lib_MathDouble.c,919 :: 		
0x0327	0x02F0      	SUBWF      R0, 1
;__Lib_MathDouble.c,920 :: 		
0x0328	0x0875      	MOVF       R5, 0
;__Lib_MathDouble.c,921 :: 		
0x0329	0x1C03      	BTFSS      STATUS, 0
;__Lib_MathDouble.c,922 :: 		
0x032A	0x0F75      	INCFSZ     R5, 0
;__Lib_MathDouble.c,923 :: 		
0x032B	0x02F1      	SUBWF      R1, 1
;__Lib_MathDouble.c,924 :: 		
0x032C	0x0876      	MOVF       R6, 0
;__Lib_MathDouble.c,925 :: 		
0x032D	0x1C03      	BTFSS      STATUS, 0
;__Lib_MathDouble.c,926 :: 		
0x032E	0x0F76      	INCFSZ     R6, 0
;__Lib_MathDouble.c,927 :: 		
0x032F	0x02F2      	SUBWF      R2, 1
;__Lib_MathDouble.c,928 :: 		
0x0330	0x0D76      	RLF        R6, 0
;__Lib_MathDouble.c,929 :: 		
0x0331	0x0420      	IORWF      __math_tempbD, 0
;__Lib_MathDouble.c,930 :: 		
0x0332	0x3901      	ANDLW      1
;__Lib_MathDouble.c,931 :: 		
0x0333	0x07FD      	ADDWF      R13, 1
;__Lib_MathDouble.c,932 :: 		
0x0334	0x1803      	BTFSC      STATUS, 0
;__Lib_MathDouble.c,933 :: 		
0x0335	0x0AFC      	INCF       R12, 1
;__Lib_MathDouble.c,934 :: 		
0x0336	0x1903      	BTFSC      STATUS, 2
;__Lib_MathDouble.c,935 :: 		
0x0337	0x0AF8      	INCF       R8, 1
;__Lib_MathDouble.c,936 :: 		
0x0338	0x1D03      	BTFSS      STATUS, 2
;__Lib_MathDouble.c,937 :: 		
0x0339	0x2B40      	GOTO       DIV32OK
;__Lib_MathDouble.c,938 :: 		
0x033A	0x0CF8      	RRF        R8, 1
;__Lib_MathDouble.c,939 :: 		
0x033B	0x0CFC      	RRF        R12, 1
;__Lib_MathDouble.c,940 :: 		
0x033C	0x0CFD      	RRF        R13, 1
;__Lib_MathDouble.c,941 :: 		
0x033D	0x0AF3      	INCF       R3, 1
;__Lib_MathDouble.c,942 :: 		
0x033E	0x1903      	BTFSC      STATUS, 2
;__Lib_MathDouble.c,943 :: 		
0x033F	0x2B50      	GOTO       JPDSETFOV32
;__Lib_MathDouble.c,944 :: 		
DIV32OK:
;__Lib_MathDouble.c,945 :: 		
0x0340	0x1FFA      	BTFSS      R10, 7
;__Lib_MathDouble.c,946 :: 		
0x0341	0x13F8      	BCF        R8, 7
;__Lib_MathDouble.c,947 :: 		
0x0342	0x0878      	MOVF       R8, 0
;__Lib_MathDouble.c,948 :: 		
0x0343	0x00F2      	MOVWF      R2
;__Lib_MathDouble.c,949 :: 		
0x0344	0x087C      	MOVF       R12, 0
;__Lib_MathDouble.c,950 :: 		
0x0345	0x00F1      	MOVWF      R1
;__Lib_MathDouble.c,951 :: 		
0x0346	0x087D      	MOVF       R13, 0
;__Lib_MathDouble.c,952 :: 		
0x0347	0x00F0      	MOVWF      R0
;__Lib_MathDouble.c,954 :: 		
0x0348	0x3000      	MOVLW      0
;__Lib_MathDouble.c,956 :: 		
0x0349	0x2B55      	GOTO       DIV32EEE
;__Lib_MathDouble.c,957 :: 		
JPDSETFDZ32:
;__Lib_MathDouble.c,958 :: 		
0x034A	0x3001      	MOVLW      1
;__Lib_MathDouble.c,961 :: 		
0x034B	0x2175      	CALL       _SETFDZ32
;__Lib_MathDouble.c,963 :: 		
0x034C	0x2B55      	GOTO       DIV32EEE
;__Lib_MathDouble.c,964 :: 		
JPDRES032:
;__Lib_MathDouble.c,965 :: 		
0x034D	0x3002      	MOVLW      2
;__Lib_MathDouble.c,968 :: 		
0x034E	0x2093      	CALL       _RES032
;__Lib_MathDouble.c,970 :: 		
0x034F	0x2B55      	GOTO       DIV32EEE
;__Lib_MathDouble.c,971 :: 		
JPDSETFOV32:
;__Lib_MathDouble.c,972 :: 		
0x0350	0x3004      	MOVLW      4
;__Lib_MathDouble.c,975 :: 		
0x0351	0x20A3      	CALL       _SETFOV32
;__Lib_MathDouble.c,977 :: 		
0x0352	0x2B55      	GOTO       DIV32EEE
;__Lib_MathDouble.c,978 :: 		
JPDSETFUN32:
;__Lib_MathDouble.c,979 :: 		
0x0353	0x3008      	MOVLW      8
;__Lib_MathDouble.c,982 :: 		
0x0354	0x2087      	CALL       _SETFUN32
;__Lib_MathDouble.c,984 :: 		
DIV32EEE:
;__Lib_MathDouble.c,985 :: 		
0x0355	0x0000      	NOP
;__Lib_MathDouble.c,994 :: 		
L_end_Div_32x32_FP:
0x0356	0x0008      	RETURN
; end of _Div_32x32_FP
_lcd_Initialize:
;lift.c,47 :: 		void lcd_Initialize(){
;lift.c,48 :: 		Lcd_Init();
0x0357	0x211F      	CALL       _Lcd_Init
;lift.c,49 :: 		Lcd_Cmd(_LCD_CLEAR);
0x0358	0x3001      	MOVLW      1
0x0359	0x00C2      	MOVWF      FARG_Lcd_Cmd_out_char
0x035A	0x201C      	CALL       _Lcd_Cmd
;lift.c,50 :: 		Lcd_Cmd(_LCD_CURSOR_OFF);
0x035B	0x300C      	MOVLW      12
0x035C	0x1683      	BSF        STATUS, 5
0x035D	0x00C2      	MOVWF      FARG_Lcd_Cmd_out_char
0x035E	0x201C      	CALL       _Lcd_Cmd
;lift.c,51 :: 		}
L_end_lcd_Initialize:
0x035F	0x0008      	RETURN
; end of _lcd_Initialize
_main:
0x0360	0x25DC      	CALL       1500
;lift.c,55 :: 		void main() {
;lift.c,56 :: 		TRISC=0x0f0;
0x0361	0x30F0      	MOVLW      240
0x0362	0x1683      	BSF        STATUS, 5
0x0363	0x1303      	BCF        STATUS, 6
0x0364	0x0087      	MOVWF      TRISC
;lift.c,57 :: 		TRISB.F0=1;
0x0365	0x1406      	BSF        TRISB, 0
;lift.c,58 :: 		TRISB.F1=1;
0x0366	0x1486      	BSF        TRISB, 1
;lift.c,59 :: 		TRISB.F2=1;
0x0367	0x1506      	BSF        TRISB, 2
;lift.c,60 :: 		TRISB.F3=1;
0x0368	0x1586      	BSF        TRISB, 3
;lift.c,61 :: 		TRISB.F4=1;
0x0369	0x1606      	BSF        TRISB, 4
;lift.c,62 :: 		TRISC.F0=0;
0x036A	0x1007      	BCF        TRISC, 0
;lift.c,63 :: 		TRISC.F1=0;
0x036B	0x1087      	BCF        TRISC, 1
;lift.c,64 :: 		TRISC.F2=0;
0x036C	0x1107      	BCF        TRISC, 2
;lift.c,65 :: 		TRISC.F3=0;
0x036D	0x1187      	BCF        TRISC, 3
;lift.c,66 :: 		TRISD.F2=0;
0x036E	0x1108      	BCF        TRISD, 2
;lift.c,67 :: 		TRISD.F3=0;
0x036F	0x1188      	BCF        TRISD, 3
;lift.c,68 :: 		PORTB=0;
0x0370	0x1283      	BCF        STATUS, 5
0x0371	0x0186      	CLRF       PORTB
;lift.c,69 :: 		PORTC=0;
0x0372	0x0187      	CLRF       PORTC
;lift.c,70 :: 		PORTD=0;
0x0373	0x0188      	CLRF       PORTD
;lift.c,71 :: 		lcd_Initialize();
0x0374	0x2357      	CALL       _lcd_Initialize
;lift.c,72 :: 		tempDisplay();
0x0375	0x227F      	CALL       _tempDisplay
;lift.c,73 :: 		ADCON1=0X80;
0x0376	0x3080      	MOVLW      128
0x0377	0x009F      	MOVWF      ADCON1
;lift.c,75 :: 		while(1){
L_main4:
0x0378	0x1683      	BSF        STATUS, 5
;lift.c,76 :: 		v= Adc_Read(1);
0x0379	0x3001      	MOVLW      1
0x037A	0x00BB      	MOVWF      FARG_ADC_Read_channel
0x037B	0x2178      	CALL       _ADC_Read
0x037C	0x2219      	CALL       _Word2Double
0x037D	0x0870      	MOVF       R0, 0
0x037E	0x00EA      	MOVWF      _v
0x037F	0x0871      	MOVF       R0+1, 0
0x0380	0x00EB      	MOVWF      _v+1
0x0381	0x0872      	MOVF       R0+2, 0
0x0382	0x00EC      	MOVWF      _v+2
0x0383	0x0873      	MOVF       R0+3, 0
0x0384	0x00ED      	MOVWF      _v+3
;lift.c,77 :: 		answer=  (v*5)/1023;
0x0385	0x3000      	MOVLW      0
0x0386	0x00F4      	MOVWF      R4
0x0387	0x3000      	MOVLW      0
0x0388	0x00F5      	MOVWF      R4+1
0x0389	0x3020      	MOVLW      32
0x038A	0x00F6      	MOVWF      R4+2
0x038B	0x3081      	MOVLW      129
0x038C	0x00F7      	MOVWF      R4+3
0x038D	0x21B8      	CALL       _Mul_32x32_FP
0x038E	0x3000      	MOVLW      0
0x038F	0x00F4      	MOVWF      R4
0x0390	0x30C0      	MOVLW      192
0x0391	0x00F5      	MOVWF      R4+1
0x0392	0x307F      	MOVLW      127
0x0393	0x00F6      	MOVWF      R4+2
0x0394	0x3088      	MOVLW      136
0x0395	0x00F7      	MOVWF      R4+3
0x0396	0x22A0      	CALL       _Div_32x32_FP
0x0397	0x0870      	MOVF       R0, 0
0x0398	0x1683      	BSF        STATUS, 5
0x0399	0x00B6      	MOVWF      _answer
0x039A	0x0871      	MOVF       R0+1, 0
0x039B	0x00B7      	MOVWF      _answer+1
0x039C	0x0872      	MOVF       R0+2, 0
0x039D	0x00B8      	MOVWF      _answer+2
0x039E	0x0873      	MOVF       R0+3, 0
0x039F	0x00B9      	MOVWF      _answer+3
;lift.c,78 :: 		if(PORTB.F0==0&&answer>=2.5){
0x03A0	0x1283      	BCF        STATUS, 5
0x03A1	0x1806      	BTFSC      PORTB, 0
0x03A2	0x2BE0      	GOTO       L_main8
0x03A3	0x3000      	MOVLW      0
0x03A4	0x00F4      	MOVWF      R4
0x03A5	0x3000      	MOVLW      0
0x03A6	0x00F5      	MOVWF      R4+1
0x03A7	0x3020      	MOVLW      32
0x03A8	0x00F6      	MOVWF      R4+2
0x03A9	0x3080      	MOVLW      128
0x03AA	0x00F7      	MOVWF      R4+3
0x03AB	0x1683      	BSF        STATUS, 5
0x03AC	0x0836      	MOVF       _answer, 0
0x03AD	0x00F0      	MOVWF      R0
0x03AE	0x0837      	MOVF       _answer+1, 0
0x03AF	0x00F1      	MOVWF      R0+1
0x03B0	0x0838      	MOVF       _answer+2, 0
0x03B1	0x00F2      	MOVWF      R0+2
0x03B2	0x0839      	MOVF       _answer+3, 0
0x03B3	0x00F3      	MOVWF      R0+3
0x03B4	0x222F      	CALL       _Compare_Double
0x03B5	0x3001      	MOVLW      1
0x03B6	0x1C03      	BTFSS      STATUS, 0
0x03B7	0x3000      	MOVLW      0
0x03B8	0x00F0      	MOVWF      R0
0x03B9	0x0870      	MOVF       R0, 0
0x03BA	0x1903      	BTFSC      STATUS, 2
0x03BB	0x2BE0      	GOTO       L_main8
L__main35:
;lift.c,79 :: 		store[0]=1;
0x03BC	0x3001      	MOVLW      1
0x03BD	0x00A1      	MOVWF      _store
0x03BE	0x3000      	MOVLW      0
0x03BF	0x00A2      	MOVWF      _store+1
;lift.c,81 :: 		lcd_Initialize();
0x03C0	0x2357      	CALL       _lcd_Initialize
;lift.c,82 :: 		Lcd_Out(1,1,first);
0x03C1	0x3001      	MOVLW      1
0x03C2	0x1683      	BSF        STATUS, 5
0x03C3	0x00BD      	MOVWF      FARG_Lcd_Out_row
0x03C4	0x3001      	MOVLW      1
0x03C5	0x00BE      	MOVWF      FARG_Lcd_Out_column
0x03C6	0x3029      	MOVLW      _first
0x03C7	0x00BF      	MOVWF      FARG_Lcd_Out_text
0x03C8	0x20AF      	CALL       _Lcd_Out
;lift.c,83 :: 		Lcd_Out(2,1,select);
0x03C9	0x3002      	MOVLW      2
0x03CA	0x00BD      	MOVWF      FARG_Lcd_Out_row
0x03CB	0x3001      	MOVLW      1
0x03CC	0x00BE      	MOVWF      FARG_Lcd_Out_column
0x03CD	0x3035      	MOVLW      _select
0x03CE	0x00BF      	MOVWF      FARG_Lcd_Out_text
0x03CF	0x20AF      	CALL       _Lcd_Out
;lift.c,84 :: 		delay_ms(1000);
0x03D0	0x3010      	MOVLW      16
0x03D1	0x00FB      	MOVWF      R11
0x03D2	0x3039      	MOVLW      57
0x03D3	0x00FC      	MOVWF      R12
0x03D4	0x300D      	MOVLW      13
0x03D5	0x00FD      	MOVWF      R13
L_main9:
0x03D6	0x0BFD      	DECFSZ     R13, 1
0x03D7	0x2BD6      	GOTO       L_main9
0x03D8	0x0BFC      	DECFSZ     R12, 1
0x03D9	0x2BD6      	GOTO       L_main9
0x03DA	0x0BFB      	DECFSZ     R11, 1
0x03DB	0x2BD6      	GOTO       L_main9
0x03DC	0x0000      	NOP
0x03DD	0x0000      	NOP
;lift.c,85 :: 		lcd_Initialize();
0x03DE	0x2357      	CALL       _lcd_Initialize
;lift.c,86 :: 		tempDisplay();
0x03DF	0x227F      	CALL       _tempDisplay
;lift.c,87 :: 		}
L_main8:
;lift.c,89 :: 		if(PORTB.F1==0&&answer>=2.5){
0x03E0	0x1283      	BCF        STATUS, 5
0x03E1	0x1886      	BTFSC      PORTB, 1
0x03E2	0x2C20      	GOTO       L_main12
0x03E3	0x3000      	MOVLW      0
0x03E4	0x00F4      	MOVWF      R4
0x03E5	0x3000      	MOVLW      0
0x03E6	0x00F5      	MOVWF      R4+1
0x03E7	0x3020      	MOVLW      32
0x03E8	0x00F6      	MOVWF      R4+2
0x03E9	0x3080      	MOVLW      128
0x03EA	0x00F7      	MOVWF      R4+3
0x03EB	0x1683      	BSF        STATUS, 5
0x03EC	0x0836      	MOVF       _answer, 0
0x03ED	0x00F0      	MOVWF      R0
0x03EE	0x0837      	MOVF       _answer+1, 0
0x03EF	0x00F1      	MOVWF      R0+1
0x03F0	0x0838      	MOVF       _answer+2, 0
0x03F1	0x00F2      	MOVWF      R0+2
0x03F2	0x0839      	MOVF       _answer+3, 0
0x03F3	0x00F3      	MOVWF      R0+3
0x03F4	0x222F      	CALL       _Compare_Double
0x03F5	0x3001      	MOVLW      1
0x03F6	0x1C03      	BTFSS      STATUS, 0
0x03F7	0x3000      	MOVLW      0
0x03F8	0x00F0      	MOVWF      R0
0x03F9	0x0870      	MOVF       R0, 0
0x03FA	0x1903      	BTFSC      STATUS, 2
0x03FB	0x2C20      	GOTO       L_main12
L__main34:
;lift.c,90 :: 		store[1]=1;
0x03FC	0x3001      	MOVLW      1
0x03FD	0x00A3      	MOVWF      _store+2
0x03FE	0x3000      	MOVLW      0
0x03FF	0x00A4      	MOVWF      _store+3
;lift.c,92 :: 		lcd_Initialize();
0x0400	0x2357      	CALL       _lcd_Initialize
;lift.c,93 :: 		Lcd_Out(1,1,second);
0x0401	0x3001      	MOVLW      1
0x0402	0x1683      	BSF        STATUS, 5
0x0403	0x00BD      	MOVWF      FARG_Lcd_Out_row
0x0404	0x3001      	MOVLW      1
0x0405	0x00BE      	MOVWF      FARG_Lcd_Out_column
0x0406	0x305D      	MOVLW      _second
0x0407	0x00BF      	MOVWF      FARG_Lcd_Out_text
0x0408	0x20AF      	CALL       _Lcd_Out
;lift.c,94 :: 		Lcd_Out(2,1,select);
0x0409	0x3002      	MOVLW      2
0x040A	0x00BD      	MOVWF      FARG_Lcd_Out_row
0x040B	0x3001      	MOVLW      1
0x040C	0x00BE      	MOVWF      FARG_Lcd_Out_column
0x040D	0x3035      	MOVLW      _select
0x040E	0x00BF      	MOVWF      FARG_Lcd_Out_text
0x040F	0x20AF      	CALL       _Lcd_Out
;lift.c,95 :: 		delay_ms(1000);
0x0410	0x3010      	MOVLW      16
0x0411	0x00FB      	MOVWF      R11
0x0412	0x3039      	MOVLW      57
0x0413	0x00FC      	MOVWF      R12
0x0414	0x300D      	MOVLW      13
0x0415	0x00FD      	MOVWF      R13
L_main13:
0x0416	0x0BFD      	DECFSZ     R13, 1
0x0417	0x2C16      	GOTO       L_main13
0x0418	0x0BFC      	DECFSZ     R12, 1
0x0419	0x2C16      	GOTO       L_main13
0x041A	0x0BFB      	DECFSZ     R11, 1
0x041B	0x2C16      	GOTO       L_main13
0x041C	0x0000      	NOP
0x041D	0x0000      	NOP
;lift.c,96 :: 		lcd_Initialize();
0x041E	0x2357      	CALL       _lcd_Initialize
;lift.c,97 :: 		tempDisplay();
0x041F	0x227F      	CALL       _tempDisplay
;lift.c,98 :: 		}
L_main12:
;lift.c,100 :: 		if(PORTB.F2==0&&answer>=2.5){
0x0420	0x1283      	BCF        STATUS, 5
0x0421	0x1906      	BTFSC      PORTB, 2
0x0422	0x2C60      	GOTO       L_main16
0x0423	0x3000      	MOVLW      0
0x0424	0x00F4      	MOVWF      R4
0x0425	0x3000      	MOVLW      0
0x0426	0x00F5      	MOVWF      R4+1
0x0427	0x3020      	MOVLW      32
0x0428	0x00F6      	MOVWF      R4+2
0x0429	0x3080      	MOVLW      128
0x042A	0x00F7      	MOVWF      R4+3
0x042B	0x1683      	BSF        STATUS, 5
0x042C	0x0836      	MOVF       _answer, 0
0x042D	0x00F0      	MOVWF      R0
0x042E	0x0837      	MOVF       _answer+1, 0
0x042F	0x00F1      	MOVWF      R0+1
0x0430	0x0838      	MOVF       _answer+2, 0
0x0431	0x00F2      	MOVWF      R0+2
0x0432	0x0839      	MOVF       _answer+3, 0
0x0433	0x00F3      	MOVWF      R0+3
0x0434	0x222F      	CALL       _Compare_Double
0x0435	0x3001      	MOVLW      1
0x0436	0x1C03      	BTFSS      STATUS, 0
0x0437	0x3000      	MOVLW      0
0x0438	0x00F0      	MOVWF      R0
0x0439	0x0870      	MOVF       R0, 0
0x043A	0x1903      	BTFSC      STATUS, 2
0x043B	0x2C60      	GOTO       L_main16
L__main33:
;lift.c,101 :: 		store[2]=1;
0x043C	0x3001      	MOVLW      1
0x043D	0x00A5      	MOVWF      _store+4
0x043E	0x3000      	MOVLW      0
0x043F	0x00A6      	MOVWF      _store+5
;lift.c,103 :: 		lcd_Initialize();
0x0440	0x2357      	CALL       _lcd_Initialize
;lift.c,104 :: 		Lcd_Out(1,1,third);
0x0441	0x3001      	MOVLW      1
0x0442	0x1683      	BSF        STATUS, 5
0x0443	0x00BD      	MOVWF      FARG_Lcd_Out_row
0x0444	0x3001      	MOVLW      1
0x0445	0x00BE      	MOVWF      FARG_Lcd_Out_column
0x0446	0x3051      	MOVLW      _third
0x0447	0x00BF      	MOVWF      FARG_Lcd_Out_text
0x0448	0x20AF      	CALL       _Lcd_Out
;lift.c,105 :: 		Lcd_Out(2,1,select);
0x0449	0x3002      	MOVLW      2
0x044A	0x00BD      	MOVWF      FARG_Lcd_Out_row
0x044B	0x3001      	MOVLW      1
0x044C	0x00BE      	MOVWF      FARG_Lcd_Out_column
0x044D	0x3035      	MOVLW      _select
0x044E	0x00BF      	MOVWF      FARG_Lcd_Out_text
0x044F	0x20AF      	CALL       _Lcd_Out
;lift.c,106 :: 		delay_ms(1000);
0x0450	0x3010      	MOVLW      16
0x0451	0x00FB      	MOVWF      R11
0x0452	0x3039      	MOVLW      57
0x0453	0x00FC      	MOVWF      R12
0x0454	0x300D      	MOVLW      13
0x0455	0x00FD      	MOVWF      R13
L_main17:
0x0456	0x0BFD      	DECFSZ     R13, 1
0x0457	0x2C56      	GOTO       L_main17
0x0458	0x0BFC      	DECFSZ     R12, 1
0x0459	0x2C56      	GOTO       L_main17
0x045A	0x0BFB      	DECFSZ     R11, 1
0x045B	0x2C56      	GOTO       L_main17
0x045C	0x0000      	NOP
0x045D	0x0000      	NOP
;lift.c,107 :: 		lcd_Initialize();
0x045E	0x2357      	CALL       _lcd_Initialize
;lift.c,108 :: 		tempDisplay();
0x045F	0x227F      	CALL       _tempDisplay
;lift.c,109 :: 		}
L_main16:
;lift.c,111 :: 		if(PORTB.F3==0&&answer>=2.5){
0x0460	0x1283      	BCF        STATUS, 5
0x0461	0x1986      	BTFSC      PORTB, 3
0x0462	0x2CA0      	GOTO       L_main20
0x0463	0x3000      	MOVLW      0
0x0464	0x00F4      	MOVWF      R4
0x0465	0x3000      	MOVLW      0
0x0466	0x00F5      	MOVWF      R4+1
0x0467	0x3020      	MOVLW      32
0x0468	0x00F6      	MOVWF      R4+2
0x0469	0x3080      	MOVLW      128
0x046A	0x00F7      	MOVWF      R4+3
0x046B	0x1683      	BSF        STATUS, 5
0x046C	0x0836      	MOVF       _answer, 0
0x046D	0x00F0      	MOVWF      R0
0x046E	0x0837      	MOVF       _answer+1, 0
0x046F	0x00F1      	MOVWF      R0+1
0x0470	0x0838      	MOVF       _answer+2, 0
0x0471	0x00F2      	MOVWF      R0+2
0x0472	0x0839      	MOVF       _answer+3, 0
0x0473	0x00F3      	MOVWF      R0+3
0x0474	0x222F      	CALL       _Compare_Double
0x0475	0x3001      	MOVLW      1
0x0476	0x1C03      	BTFSS      STATUS, 0
0x0477	0x3000      	MOVLW      0
0x0478	0x00F0      	MOVWF      R0
0x0479	0x0870      	MOVF       R0, 0
0x047A	0x1903      	BTFSC      STATUS, 2
0x047B	0x2CA0      	GOTO       L_main20
L__main32:
;lift.c,112 :: 		store[3]=1;
0x047C	0x3001      	MOVLW      1
0x047D	0x00A7      	MOVWF      _store+6
0x047E	0x3000      	MOVLW      0
0x047F	0x00A8      	MOVWF      _store+7
;lift.c,114 :: 		lcd_Initialize();
0x0480	0x2357      	CALL       _lcd_Initialize
;lift.c,115 :: 		Lcd_Out(1,1,fourth);
0x0481	0x3001      	MOVLW      1
0x0482	0x1683      	BSF        STATUS, 5
0x0483	0x00BD      	MOVWF      FARG_Lcd_Out_row
0x0484	0x3001      	MOVLW      1
0x0485	0x00BE      	MOVWF      FARG_Lcd_Out_column
0x0486	0x30A9      	MOVLW      _fourth
0x0487	0x00BF      	MOVWF      FARG_Lcd_Out_text
0x0488	0x20AF      	CALL       _Lcd_Out
;lift.c,116 :: 		Lcd_Out(2,1,select);
0x0489	0x3002      	MOVLW      2
0x048A	0x00BD      	MOVWF      FARG_Lcd_Out_row
0x048B	0x3001      	MOVLW      1
0x048C	0x00BE      	MOVWF      FARG_Lcd_Out_column
0x048D	0x3035      	MOVLW      _select
0x048E	0x00BF      	MOVWF      FARG_Lcd_Out_text
0x048F	0x20AF      	CALL       _Lcd_Out
;lift.c,117 :: 		delay_ms(1000);
0x0490	0x3010      	MOVLW      16
0x0491	0x00FB      	MOVWF      R11
0x0492	0x3039      	MOVLW      57
0x0493	0x00FC      	MOVWF      R12
0x0494	0x300D      	MOVLW      13
0x0495	0x00FD      	MOVWF      R13
L_main21:
0x0496	0x0BFD      	DECFSZ     R13, 1
0x0497	0x2C96      	GOTO       L_main21
0x0498	0x0BFC      	DECFSZ     R12, 1
0x0499	0x2C96      	GOTO       L_main21
0x049A	0x0BFB      	DECFSZ     R11, 1
0x049B	0x2C96      	GOTO       L_main21
0x049C	0x0000      	NOP
0x049D	0x0000      	NOP
;lift.c,118 :: 		lcd_Initialize();
0x049E	0x2357      	CALL       _lcd_Initialize
;lift.c,119 :: 		tempDisplay();
0x049F	0x227F      	CALL       _tempDisplay
;lift.c,120 :: 		}
L_main20:
;lift.c,122 :: 		if(PORTB.F4==0){
0x04A0	0x1283      	BCF        STATUS, 5
0x04A1	0x1A06      	BTFSC      PORTB, 4
0x04A2	0x2D75      	GOTO       L_main22
;lift.c,123 :: 		delay();
0x04A3	0x219C      	CALL       _delay
;lift.c,124 :: 		delay();
0x04A4	0x219C      	CALL       _delay
;lift.c,125 :: 		delay();
0x04A5	0x219C      	CALL       _delay
;lift.c,126 :: 		PORTD.F2=1;
0x04A6	0x1283      	BCF        STATUS, 5
0x04A7	0x1508      	BSF        PORTD, 2
;lift.c,128 :: 		if(store[0]==1){
0x04A8	0x3000      	MOVLW      0
0x04A9	0x0622      	XORWF      _store+1, 0
0x04AA	0x1D03      	BTFSS      STATUS, 2
0x04AB	0x2CAE      	GOTO       L__main41
0x04AC	0x3001      	MOVLW      1
0x04AD	0x0621      	XORWF      _store, 0
L__main41:
0x04AE	0x1D03      	BTFSS      STATUS, 2
0x04AF	0x2CC9      	GOTO       L_main23
;lift.c,130 :: 		lcd_Initialize();
0x04B0	0x2357      	CALL       _lcd_Initialize
;lift.c,131 :: 		Lcd_Out(1,1,moving);
0x04B1	0x3001      	MOVLW      1
0x04B2	0x1683      	BSF        STATUS, 5
0x04B3	0x00BD      	MOVWF      FARG_Lcd_Out_row
0x04B4	0x3001      	MOVLW      1
0x04B5	0x00BE      	MOVWF      FARG_Lcd_Out_column
0x04B6	0x30A0      	MOVLW      _moving
0x04B7	0x00BF      	MOVWF      FARG_Lcd_Out_text
0x04B8	0x20AF      	CALL       _Lcd_Out
;lift.c,132 :: 		delay();
0x04B9	0x219C      	CALL       _delay
;lift.c,133 :: 		lcd_Initialize();
0x04BA	0x2357      	CALL       _lcd_Initialize
;lift.c,134 :: 		Lcd_Out(1,1,first);
0x04BB	0x3001      	MOVLW      1
0x04BC	0x1683      	BSF        STATUS, 5
0x04BD	0x00BD      	MOVWF      FARG_Lcd_Out_row
0x04BE	0x3001      	MOVLW      1
0x04BF	0x00BE      	MOVWF      FARG_Lcd_Out_column
0x04C0	0x3029      	MOVLW      _first
0x04C1	0x00BF      	MOVWF      FARG_Lcd_Out_text
0x04C2	0x20AF      	CALL       _Lcd_Out
;lift.c,135 :: 		PORTC.F0=1;
0x04C3	0x1283      	BCF        STATUS, 5
0x04C4	0x1407      	BSF        PORTC, 0
;lift.c,136 :: 		delay();
0x04C5	0x219C      	CALL       _delay
;lift.c,137 :: 		delay();
0x04C6	0x219C      	CALL       _delay
;lift.c,138 :: 		PORTC.F0=0;
0x04C7	0x1283      	BCF        STATUS, 5
0x04C8	0x1007      	BCF        PORTC, 0
;lift.c,139 :: 		}
L_main23:
;lift.c,140 :: 		delay();
0x04C9	0x219C      	CALL       _delay
;lift.c,141 :: 		if(store[1]==1){
0x04CA	0x3000      	MOVLW      0
0x04CB	0x1283      	BCF        STATUS, 5
0x04CC	0x0624      	XORWF      _store+3, 0
0x04CD	0x1D03      	BTFSS      STATUS, 2
0x04CE	0x2CD1      	GOTO       L__main42
0x04CF	0x3001      	MOVLW      1
0x04D0	0x0623      	XORWF      _store+2, 0
L__main42:
0x04D1	0x1D03      	BTFSS      STATUS, 2
0x04D2	0x2CEC      	GOTO       L_main24
;lift.c,143 :: 		lcd_Initialize();
0x04D3	0x2357      	CALL       _lcd_Initialize
;lift.c,144 :: 		Lcd_Out(1,1,moving);
0x04D4	0x3001      	MOVLW      1
0x04D5	0x1683      	BSF        STATUS, 5
0x04D6	0x00BD      	MOVWF      FARG_Lcd_Out_row
0x04D7	0x3001      	MOVLW      1
0x04D8	0x00BE      	MOVWF      FARG_Lcd_Out_column
0x04D9	0x30A0      	MOVLW      _moving
0x04DA	0x00BF      	MOVWF      FARG_Lcd_Out_text
0x04DB	0x20AF      	CALL       _Lcd_Out
;lift.c,145 :: 		delay();
0x04DC	0x219C      	CALL       _delay
;lift.c,146 :: 		lcd_Initialize();
0x04DD	0x2357      	CALL       _lcd_Initialize
;lift.c,147 :: 		Lcd_Out(1,1,second);
0x04DE	0x3001      	MOVLW      1
0x04DF	0x1683      	BSF        STATUS, 5
0x04E0	0x00BD      	MOVWF      FARG_Lcd_Out_row
0x04E1	0x3001      	MOVLW      1
0x04E2	0x00BE      	MOVWF      FARG_Lcd_Out_column
0x04E3	0x305D      	MOVLW      _second
0x04E4	0x00BF      	MOVWF      FARG_Lcd_Out_text
0x04E5	0x20AF      	CALL       _Lcd_Out
;lift.c,148 :: 		PORTC.F1=1;
0x04E6	0x1283      	BCF        STATUS, 5
0x04E7	0x1487      	BSF        PORTC, 1
;lift.c,149 :: 		delay();
0x04E8	0x219C      	CALL       _delay
;lift.c,150 :: 		delay();
0x04E9	0x219C      	CALL       _delay
;lift.c,151 :: 		PORTC.F1=0;
0x04EA	0x1283      	BCF        STATUS, 5
0x04EB	0x1087      	BCF        PORTC, 1
;lift.c,152 :: 		}
L_main24:
;lift.c,153 :: 		delay();
0x04EC	0x219C      	CALL       _delay
;lift.c,154 :: 		if(store[2]==1){
0x04ED	0x3000      	MOVLW      0
0x04EE	0x1283      	BCF        STATUS, 5
0x04EF	0x0626      	XORWF      _store+5, 0
0x04F0	0x1D03      	BTFSS      STATUS, 2
0x04F1	0x2CF4      	GOTO       L__main43
0x04F2	0x3001      	MOVLW      1
0x04F3	0x0625      	XORWF      _store+4, 0
L__main43:
0x04F4	0x1D03      	BTFSS      STATUS, 2
0x04F5	0x2D0F      	GOTO       L_main25
;lift.c,156 :: 		lcd_Initialize();
0x04F6	0x2357      	CALL       _lcd_Initialize
;lift.c,157 :: 		Lcd_Out(1,1,moving);
0x04F7	0x3001      	MOVLW      1
0x04F8	0x1683      	BSF        STATUS, 5
0x04F9	0x00BD      	MOVWF      FARG_Lcd_Out_row
0x04FA	0x3001      	MOVLW      1
0x04FB	0x00BE      	MOVWF      FARG_Lcd_Out_column
0x04FC	0x30A0      	MOVLW      _moving
0x04FD	0x00BF      	MOVWF      FARG_Lcd_Out_text
0x04FE	0x20AF      	CALL       _Lcd_Out
;lift.c,158 :: 		delay();
0x04FF	0x219C      	CALL       _delay
;lift.c,159 :: 		lcd_Initialize();
0x0500	0x2357      	CALL       _lcd_Initialize
;lift.c,160 :: 		Lcd_Out(1,1,third);
0x0501	0x3001      	MOVLW      1
0x0502	0x1683      	BSF        STATUS, 5
0x0503	0x00BD      	MOVWF      FARG_Lcd_Out_row
0x0504	0x3001      	MOVLW      1
0x0505	0x00BE      	MOVWF      FARG_Lcd_Out_column
0x0506	0x3051      	MOVLW      _third
0x0507	0x00BF      	MOVWF      FARG_Lcd_Out_text
0x0508	0x20AF      	CALL       _Lcd_Out
;lift.c,161 :: 		PORTC.F2=1;
0x0509	0x1283      	BCF        STATUS, 5
0x050A	0x1507      	BSF        PORTC, 2
;lift.c,162 :: 		delay();
0x050B	0x219C      	CALL       _delay
;lift.c,163 :: 		delay();
0x050C	0x219C      	CALL       _delay
;lift.c,164 :: 		PORTC.F2=0;
0x050D	0x1283      	BCF        STATUS, 5
0x050E	0x1107      	BCF        PORTC, 2
;lift.c,165 :: 		}
L_main25:
;lift.c,166 :: 		delay();
0x050F	0x219C      	CALL       _delay
;lift.c,167 :: 		if(store[3]==1){
0x0510	0x3000      	MOVLW      0
0x0511	0x1283      	BCF        STATUS, 5
0x0512	0x0628      	XORWF      _store+7, 0
0x0513	0x1D03      	BTFSS      STATUS, 2
0x0514	0x2D17      	GOTO       L__main44
0x0515	0x3001      	MOVLW      1
0x0516	0x0627      	XORWF      _store+6, 0
L__main44:
0x0517	0x1D03      	BTFSS      STATUS, 2
0x0518	0x2D32      	GOTO       L_main26
;lift.c,168 :: 		lcd_Initialize();
0x0519	0x2357      	CALL       _lcd_Initialize
;lift.c,169 :: 		Lcd_Out(1,1,moving);
0x051A	0x3001      	MOVLW      1
0x051B	0x1683      	BSF        STATUS, 5
0x051C	0x00BD      	MOVWF      FARG_Lcd_Out_row
0x051D	0x3001      	MOVLW      1
0x051E	0x00BE      	MOVWF      FARG_Lcd_Out_column
0x051F	0x30A0      	MOVLW      _moving
0x0520	0x00BF      	MOVWF      FARG_Lcd_Out_text
0x0521	0x20AF      	CALL       _Lcd_Out
;lift.c,170 :: 		delay();
0x0522	0x219C      	CALL       _delay
;lift.c,171 :: 		lcd_Initialize();
0x0523	0x2357      	CALL       _lcd_Initialize
;lift.c,172 :: 		Lcd_Out(1,1,fourth);
0x0524	0x3001      	MOVLW      1
0x0525	0x1683      	BSF        STATUS, 5
0x0526	0x00BD      	MOVWF      FARG_Lcd_Out_row
0x0527	0x3001      	MOVLW      1
0x0528	0x00BE      	MOVWF      FARG_Lcd_Out_column
0x0529	0x30A9      	MOVLW      _fourth
0x052A	0x00BF      	MOVWF      FARG_Lcd_Out_text
0x052B	0x20AF      	CALL       _Lcd_Out
;lift.c,173 :: 		PORTC.F3=1;
0x052C	0x1283      	BCF        STATUS, 5
0x052D	0x1587      	BSF        PORTC, 3
;lift.c,174 :: 		delay();
0x052E	0x219C      	CALL       _delay
;lift.c,175 :: 		delay();
0x052F	0x219C      	CALL       _delay
;lift.c,176 :: 		PORTC.F3=0;
0x0530	0x1283      	BCF        STATUS, 5
0x0531	0x1187      	BCF        PORTC, 3
;lift.c,177 :: 		}
L_main26:
;lift.c,178 :: 		delay();
0x0532	0x219C      	CALL       _delay
;lift.c,179 :: 		if(store[0]==0&&store[1]==0&&store[2]==0&&store[3]==0){
0x0533	0x3000      	MOVLW      0
0x0534	0x1283      	BCF        STATUS, 5
0x0535	0x0622      	XORWF      _store+1, 0
0x0536	0x1D03      	BTFSS      STATUS, 2
0x0537	0x2D3A      	GOTO       L__main45
0x0538	0x3000      	MOVLW      0
0x0539	0x0621      	XORWF      _store, 0
L__main45:
0x053A	0x1D03      	BTFSS      STATUS, 2
0x053B	0x2D60      	GOTO       L_main29
0x053C	0x3000      	MOVLW      0
0x053D	0x0624      	XORWF      _store+3, 0
0x053E	0x1D03      	BTFSS      STATUS, 2
0x053F	0x2D42      	GOTO       L__main46
0x0540	0x3000      	MOVLW      0
0x0541	0x0623      	XORWF      _store+2, 0
L__main46:
0x0542	0x1D03      	BTFSS      STATUS, 2
0x0543	0x2D60      	GOTO       L_main29
0x0544	0x3000      	MOVLW      0
0x0545	0x0626      	XORWF      _store+5, 0
0x0546	0x1D03      	BTFSS      STATUS, 2
0x0547	0x2D4A      	GOTO       L__main47
0x0548	0x3000      	MOVLW      0
0x0549	0x0625      	XORWF      _store+4, 0
L__main47:
0x054A	0x1D03      	BTFSS      STATUS, 2
0x054B	0x2D60      	GOTO       L_main29
0x054C	0x3000      	MOVLW      0
0x054D	0x0628      	XORWF      _store+7, 0
0x054E	0x1D03      	BTFSS      STATUS, 2
0x054F	0x2D52      	GOTO       L__main48
0x0550	0x3000      	MOVLW      0
0x0551	0x0627      	XORWF      _store+6, 0
L__main48:
0x0552	0x1D03      	BTFSS      STATUS, 2
0x0553	0x2D60      	GOTO       L_main29
L__main31:
;lift.c,180 :: 		PORTC=0;
0x0554	0x0187      	CLRF       PORTC
;lift.c,181 :: 		store[0]=0;
0x0555	0x01A1      	CLRF       _store
0x0556	0x01A2      	CLRF       _store+1
;lift.c,182 :: 		store[1]=0;
0x0557	0x01A3      	CLRF       _store+2
0x0558	0x01A4      	CLRF       _store+3
;lift.c,183 :: 		store[2]=0;
0x0559	0x01A5      	CLRF       _store+4
0x055A	0x01A6      	CLRF       _store+5
;lift.c,184 :: 		store[3]=0;
0x055B	0x01A7      	CLRF       _store+6
0x055C	0x01A8      	CLRF       _store+7
;lift.c,185 :: 		PORTD.F2=0;
0x055D	0x1108      	BCF        PORTD, 2
;lift.c,186 :: 		tempDisplay();
0x055E	0x227F      	CALL       _tempDisplay
;lift.c,187 :: 		}else{
0x055F	0x2D75      	GOTO       L_main30
L_main29:
;lift.c,188 :: 		PORTC=0;
0x0560	0x1283      	BCF        STATUS, 5
0x0561	0x0187      	CLRF       PORTC
;lift.c,189 :: 		store[0]=0;
0x0562	0x01A1      	CLRF       _store
0x0563	0x01A2      	CLRF       _store+1
;lift.c,190 :: 		store[1]=0;
0x0564	0x01A3      	CLRF       _store+2
0x0565	0x01A4      	CLRF       _store+3
;lift.c,191 :: 		store[2]=0;
0x0566	0x01A5      	CLRF       _store+4
0x0567	0x01A6      	CLRF       _store+5
;lift.c,192 :: 		store[3]=0;
0x0568	0x01A7      	CLRF       _store+6
0x0569	0x01A8      	CLRF       _store+7
;lift.c,193 :: 		tempDisplay();
0x056A	0x227F      	CALL       _tempDisplay
;lift.c,194 :: 		delay();
0x056B	0x219C      	CALL       _delay
;lift.c,195 :: 		delay();
0x056C	0x219C      	CALL       _delay
;lift.c,196 :: 		PORTD.F2=0;
0x056D	0x1283      	BCF        STATUS, 5
0x056E	0x1108      	BCF        PORTD, 2
;lift.c,197 :: 		PORTD.F3=1;
0x056F	0x1588      	BSF        PORTD, 3
;lift.c,198 :: 		delay();
0x0570	0x219C      	CALL       _delay
;lift.c,199 :: 		delay();
0x0571	0x219C      	CALL       _delay
;lift.c,200 :: 		delay();
0x0572	0x219C      	CALL       _delay
;lift.c,201 :: 		PORTD.F3=0;
0x0573	0x1283      	BCF        STATUS, 5
0x0574	0x1188      	BCF        PORTD, 3
;lift.c,202 :: 		}
L_main30:
;lift.c,205 :: 		}
L_main22:
;lift.c,208 :: 		}
0x0575	0x2B78      	GOTO       L_main4
;lift.c,209 :: 		}
L_end_main:
0x0576	0x2D76      	GOTO       $+0
; end of _main
0x05DC	0x3021      	MOVLW      33
0x05DD	0x0084      	MOVWF      FSR
0x05DE	0x3049      	MOVLW      73
0x05DF	0x1283      	BCF        STATUS, 5
0x05E0	0x1303      	BCF        STATUS, 6
0x05E1	0x00F0      	MOVWF      R0
0x05E2	0x307C      	MOVLW      124
0x05E3	0x00EE      	MOVWF      ___DoICPAddr
0x05E4	0x3005      	MOVLW      5
0x05E5	0x00EF      	MOVWF      111
0x05E6	0x2294      	CALL       660
0x05E7	0x30A0      	MOVLW      160
0x05E8	0x0084      	MOVWF      FSR
0x05E9	0x3016      	MOVLW      22
0x05EA	0x00F0      	MOVWF      R0
0x05EB	0x30C5      	MOVLW      197
0x05EC	0x00EE      	MOVWF      ___DoICPAddr
0x05ED	0x3005      	MOVLW      5
0x05EE	0x00EF      	MOVWF      111
0x05EF	0x2294      	CALL       660
0x05F0	0x0008      	RETURN
;lift.c,0 :: ?ICS_store
0x057C	0x3400 ;?ICS_store+0
0x057D	0x3400 ;?ICS_store+1
0x057E	0x3400 ;?ICS_store+2
0x057F	0x3400 ;?ICS_store+3
0x0580	0x3400 ;?ICS_store+4
0x0581	0x3400 ;?ICS_store+5
0x0582	0x3400 ;?ICS_store+6
0x0583	0x3400 ;?ICS_store+7
; end of ?ICS_store
;lift.c,0 :: ?ICS_first
0x0584	0x3446 ;?ICS_first+0
0x0585	0x3449 ;?ICS_first+1
0x0586	0x3452 ;?ICS_first+2
0x0587	0x3453 ;?ICS_first+3
0x0588	0x3454 ;?ICS_first+4
0x0589	0x3420 ;?ICS_first+5
0x058A	0x3446 ;?ICS_first+6
0x058B	0x344C ;?ICS_first+7
0x058C	0x344F ;?ICS_first+8
0x058D	0x344F ;?ICS_first+9
0x058E	0x3452 ;?ICS_first+10
0x058F	0x3400 ;?ICS_first+11
; end of ?ICS_first
;lift.c,0 :: ?ICS_select
0x0590	0x3453 ;?ICS_select+0
0x0591	0x3445 ;?ICS_select+1
0x0592	0x344C ;?ICS_select+2
0x0593	0x3445 ;?ICS_select+3
0x0594	0x3443 ;?ICS_select+4
0x0595	0x3454 ;?ICS_select+5
0x0596	0x3445 ;?ICS_select+6
0x0597	0x3444 ;?ICS_select+7
0x0598	0x3400 ;?ICS_select+8
; end of ?ICS_select
;lift.c,0 :: ?ICS_frank1
0x0599	0x3445 ;?ICS_frank1+0
0x059A	0x344E ;?ICS_frank1+1
0x059B	0x3454 ;?ICS_frank1+2
0x059C	0x3445 ;?ICS_frank1+3
0x059D	0x3452 ;?ICS_frank1+4
0x059E	0x3420 ;?ICS_frank1+5
0x059F	0x3446 ;?ICS_frank1+6
0x05A0	0x344C ;?ICS_frank1+7
0x05A1	0x344F ;?ICS_frank1+8
0x05A2	0x344F ;?ICS_frank1+9
0x05A3	0x3452 ;?ICS_frank1+10
0x05A4	0x3400 ;?ICS_frank1+11
; end of ?ICS_frank1
;lift.c,0 :: ?ICS_frank2
0x05A5	0x344E ;?ICS_frank2+0
0x05A6	0x3455 ;?ICS_frank2+1
0x05A7	0x344D ;?ICS_frank2+2
0x05A8	0x3442 ;?ICS_frank2+3
0x05A9	0x3445 ;?ICS_frank2+4
0x05AA	0x3452 ;?ICS_frank2+5
0x05AB	0x3400 ;?ICS_frank2+6
; end of ?ICS_frank2
;lift.c,0 :: ?ICS_third
0x05AC	0x3454 ;?ICS_third+0
0x05AD	0x3448 ;?ICS_third+1
0x05AE	0x3449 ;?ICS_third+2
0x05AF	0x3452 ;?ICS_third+3
0x05B0	0x3444 ;?ICS_third+4
0x05B1	0x3420 ;?ICS_third+5
0x05B2	0x3446 ;?ICS_third+6
0x05B3	0x344C ;?ICS_third+7
0x05B4	0x344F ;?ICS_third+8
0x05B5	0x344F ;?ICS_third+9
0x05B6	0x3452 ;?ICS_third+10
0x05B7	0x3400 ;?ICS_third+11
; end of ?ICS_third
;lift.c,0 :: ?ICS_second
0x05B8	0x3453 ;?ICS_second+0
0x05B9	0x3445 ;?ICS_second+1
0x05BA	0x3443 ;?ICS_second+2
0x05BB	0x344F ;?ICS_second+3
0x05BC	0x344E ;?ICS_second+4
0x05BD	0x3444 ;?ICS_second+5
0x05BE	0x3420 ;?ICS_second+6
0x05BF	0x3446 ;?ICS_second+7
0x05C0	0x344C ;?ICS_second+8
0x05C1	0x344F ;?ICS_second+9
0x05C2	0x344F ;?ICS_second+10
0x05C3	0x3452 ;?ICS_second+11
0x05C4	0x3400 ;?ICS_second+12
; end of ?ICS_second
;lift.c,0 :: ?ICS_moving
0x05C5	0x3447 ;?ICS_moving+0
0x05C6	0x344F ;?ICS_moving+1
0x05C7	0x3449 ;?ICS_moving+2
0x05C8	0x344E ;?ICS_moving+3
0x05C9	0x3447 ;?ICS_moving+4
0x05CA	0x3420 ;?ICS_moving+5
0x05CB	0x3455 ;?ICS_moving+6
0x05CC	0x3450 ;?ICS_moving+7
0x05CD	0x3400 ;?ICS_moving+8
; end of ?ICS_moving
;lift.c,0 :: ?ICS_fourth
0x05CE	0x3446 ;?ICS_fourth+0
0x05CF	0x344F ;?ICS_fourth+1
0x05D0	0x3455 ;?ICS_fourth+2
0x05D1	0x3452 ;?ICS_fourth+3
0x05D2	0x3454 ;?ICS_fourth+4
0x05D3	0x3448 ;?ICS_fourth+5
0x05D4	0x3420 ;?ICS_fourth+6
0x05D5	0x3446 ;?ICS_fourth+7
0x05D6	0x344C ;?ICS_fourth+8
0x05D7	0x344F ;?ICS_fourth+9
0x05D8	0x344F ;?ICS_fourth+10
0x05D9	0x3452 ;?ICS_fourth+11
0x05DA	0x3400 ;?ICS_fourth+12
; end of ?ICS_fourth
Symbol List:
//** Routines locations **
//ADDRESS    SIZE    PROCEDURE
//----------------------------------------------
0x0003       [4]    _Delay_1us
0x0007       [9]    _Delay_50us
0x0010      [12]    _Delay_5500us
0x001C      [94]    _Lcd_Cmd
0x007A       [4]    _FIXSIGN32
0x007E       [9]    _Lcd_Chr_CP
0x0087      [12]    _SETFUN32
0x0093       [7]    _RES032
0x009A       [9]    _Delay_22us
0x00A3      [12]    _SETFOV32
0x00AF      [65]    _Lcd_Out
0x00F0      [47]    _NRM3232
0x011F      [79]    _Lcd_Init
0x016E       [7]    _____DoICP
0x0175       [3]    _SETFDZ32
0x0178      [36]    _ADC_Read
0x019C      [28]    _delay
0x01B8      [97]    _Mul_32x32_FP
0x0219      [22]    _Word2Double
0x022F      [80]    _Compare_Double
0x027F      [21]    _tempDisplay
0x0294      [12]    ___CC2DW
0x02A0     [183]    _Div_32x32_FP
0x0357       [9]    _lcd_Initialize
0x0360     [534]    _main
//** Variables locations ** 
//ADDRESS    SIZE    VARIABLE
//----------------------------------------------
0x0000       [1]    INDF
0x0001       [1]    TMR0
0x0002       [1]    PCL
0x0003       [1]    STATUS
0x0004       [1]    FSR
0x0006       [1]    PORTB
0x0007       [1]    PORTC
0x0007       [0]    LCD_D5
0x0007       [0]    LCD_D7
0x0007       [0]    LCD_D6
0x0007       [0]    LCD_D4
0x0007       [0]    RC6_bit
0x0007       [0]    RC5_bit
0x0007       [0]    RC7_bit
0x0007       [0]    RC4_bit
0x0008       [1]    PORTD
0x0008       [0]    RD1_bit
0x0008       [0]    LCD_EN
0x0008       [0]    LCD_RS
0x0008       [0]    RD0_bit
0x000A       [1]    PCLATH
0x000B       [0]    TMR0IF_bit
0x000B       [1]    INTCON
0x000B       [0]    TMR0IE_bit
0x001E       [1]    ADRESH
0x001F       [1]    ADCON0
0x0020       [1]    __math_tempbD
0x0021       [8]    _store
0x0029      [12]    _first
0x0035       [9]    _select
0x003E      [12]    _frank1
0x004A       [7]    _frank2
0x0051      [12]    _third
0x005D      [13]    _second
0x006A       [4]    _v
0x006E       [2]    ___DoICPAddr
0x0070       [1]    R0
0x0071       [1]    R1
0x0072       [1]    R2
0x0073       [1]    R3
0x0074       [1]    R4
0x0075       [1]    R5
0x0076       [1]    R6
0x0077       [1]    R7
0x0078       [1]    R8
0x0079       [1]    R9
0x007A       [1]    R10
0x007B       [1]    R11
0x007C       [1]    R12
0x007D       [1]    R13
0x007E       [1]    R14
0x007F       [1]    R15
0x0081       [1]    OPTION_REG
0x0086       [1]    TRISB
0x0087       [0]    TRISC4_bit
0x0087       [1]    TRISC
0x0087       [0]    LCD_D7_Direction
0x0087       [0]    LCD_D4_Direction
0x0087       [0]    LCD_D6_Direction
0x0087       [0]    LCD_D5_Direction
0x0087       [0]    TRISC5_bit
0x0087       [0]    TRISC6_bit
0x0087       [0]    TRISC7_bit
0x0088       [0]    TRISD0_bit
0x0088       [0]    LCD_EN_Direction
0x0088       [1]    TRISD
0x0088       [0]    LCD_RS_Direction
0x0088       [0]    TRISD1_bit
0x009E       [1]    ADRESL
0x009F       [1]    ADCON1
0x00A0       [9]    _moving
0x00A9      [13]    _fourth
0x00B6       [4]    _answer
0x00BA       [0]    __Lib_Lcd_cmd_status
0x00BB       [1]    FARG_ADC_Read_channel
0x00BB       [2]    delay_counter_L0
0x00BD       [1]    FARG_Lcd_Out_row
0x00BE       [1]    FARG_Lcd_Out_column
0x00BF       [1]    FARG_Lcd_Out_text
0x00C0       [1]    Lcd_Out_i_L0
0x00C1       [1]    FARG_Lcd_Chr_CP_out_char
0x00C2       [1]    FARG_Lcd_Cmd_out_char
//** Constants locations ** 
//ADDRESS    SIZE    CONSTANT
//----------------------------------------------
0x057C       [8]    ?ICS_store
0x0584      [12]    ?ICS_first
0x0590       [9]    ?ICS_select
0x0599      [12]    ?ICS_frank1
0x05A5       [7]    ?ICS_frank2
0x05AC      [12]    ?ICS_third
0x05B8      [13]    ?ICS_second
0x05C5       [9]    ?ICS_moving
0x05CE      [13]    ?ICS_fourth
//** Label List: ** 
//----------------------------------------------
  L_delay0
  L_delay1
  L_delay2
  L_delay3
  L_main4
  L_main5
  L_main6
  L_main7
  L_main8
  L_main9
  L_main10
  L_main11
  L_main12
  L_main13
  L_main14
  L_main15
  L_main16
  L_main17
  L_main18
  L_main19
  L_main20
  L_main21
  L_main22
  L_main23
  L_main24
  L_main25
  L_main26
  L_main27
  L_main28
  L_main29
  L_main30
  L__main31
  L__main32
  L__main33
  L__main34
  L__main35
  L_end_delay
  _delay
  L__delay37
  L_end_tempDisplay
  _tempDisplay
  L_end_lcd_Initialize
  _lcd_Initialize
  L_end_main
  _main
  L__main41
  L__main42
  L__main43
  L__main44
  L__main45
  L__main46
  L__main47
  L__main48
  L_ADC_Get_Sample0
  L_ADC_Get_Sample1
  L_ADC_Read2
  L_ADC_Read3
  L_end_ADC_Init
  _ADC_Init
  L_end_ADC_Get_Sample
  _ADC_Get_Sample
  L_end_ADC_Read
  _ADC_Read
  L_Delay_10us0
  L_Delay_22us1
  L_Delay_50us2
  L_Delay_80us3
  L_Delay_500us4
  L_Delay_5500us5
  L_Delay_1ms6
  L_Delay_5ms7
  L_Delay_8ms8
  L_Delay_10ms9
  L_Delay_100ms10
  L_Delay_1sec11
  L_boot16_Delay_5ms12
  L_Delay_Cyc13
  L_Delay_Cyc14
  L_VDelay_ms15
  L_VDelay_ms16
  L_VDelay_ms17
  L_VDelay_Advanced_ms18
  L_VDelay_Advanced_ms19
  L_VDelay_Advanced_ms20
  L_end_Get_Fosc_kHz
  _Get_Fosc_kHz
  L_end_Delay_1us
  _Delay_1us
  L_end_Delay_10us
  _Delay_10us
  L_end_Delay_22us
  _Delay_22us
  L_end_Delay_50us
  _Delay_50us
  L_end_Delay_80us
  _Delay_80us
  L_end_Delay_500us
  _Delay_500us
  L_end_Delay_5500us
  _Delay_5500us
  L_end_Delay_1ms
  _Delay_1ms
  L_end_Delay_5ms
  _Delay_5ms
  L_end_Delay_8ms
  _Delay_8ms
  L_end_Delay_10ms
  _Delay_10ms
  L_end_Delay_100ms
  _Delay_100ms
  L_end_Delay_1sec
  _Delay_1sec
  L_end_boot16_Delay_5ms
  _boot16_Delay_5ms
  L_end_Delay_Cyc
  _Delay_Cyc
  L_end_VDelay_ms
  _VDelay_ms
  L__VDelay_ms38
  L__VDelay_ms39
  L__VDelay_ms40
  L_end_VDelay_Advanced_ms
  _VDelay_Advanced_ms
  L__VDelay_Advanced_ms42
  L__VDelay_Advanced_ms43
  L__VDelay_Advanced_ms44
  L_Lcd_Cmd0
  L_Lcd_Cmd1
  L_Lcd_Out_CP2
  L_Lcd_Out_CP3
  L_Lcd_Chr4
  L_Lcd_Chr5
  L_Lcd_Chr6
  L_Lcd_Chr7
  L_Lcd_Chr8
  L_Lcd_Chr9
  L_Lcd_Chr10
  L_Lcd_Out11
  L_Lcd_Out12
  L_Lcd_Out13
  L_Lcd_Out14
  L_Lcd_Out15
  L_Lcd_Out16
  L_Lcd_Out17
  L_Lcd_Out18
  L_Lcd_Out19
  L_end_Lcd_Cmd
  _Lcd_Cmd
  L__Lcd_Cmd21
  L__Lcd_Cmd22
  L__Lcd_Cmd23
  L__Lcd_Cmd24
  L__Lcd_Cmd25
  L__Lcd_Cmd26
  L__Lcd_Cmd27
  L__Lcd_Cmd28
  L__Lcd_Cmd29
  L__Lcd_Cmd30
  L__Lcd_Cmd31
  L__Lcd_Cmd32
  L__Lcd_Cmd33
  L__Lcd_Cmd34
  L__Lcd_Cmd35
  L__Lcd_Cmd36
  L__Lcd_Cmd37
  L__Lcd_Cmd38
  L__Lcd_Cmd39
  L__Lcd_Cmd40
  L_end_Lcd_Chr_CP
  _Lcd_Chr_CP
  L_end_Lcd_Out_CP
  _Lcd_Out_CP
  L_end_Lcd_Chr
  _Lcd_Chr
  L_end_Lcd_Init
  _Lcd_Init
  L_end_Lcd_Out
  _Lcd_Out
  SETFOV32EEE
  SETFUN32EEE
  NORM3232
  JPNRES032
  JPNSETFUN32
  NORM3232A
  JMPNFIXSIGN32
  NORM32EEE
  NRMRND4032
  NRM4032
  JMPSETFOV32
  NORM4032
  JMPRES032
  JMPSETFUN32
  NORM4032A
  JMPFIXSIGN32
  NRM4032EEE
  USEA32
  JMPEEE
  ALIGNED32
  ALIGNB32
  ALOOPB32
  AOK32
  ACOMP32
  JMPNRMRND4032
  ADD_JMPSETFOV32
  JMPNRM4032
  JMPNRM32
  ADD32EEE
  FPM32
  JPMRES032
  M32BNE0
  MTUN32
  JPMSETFOV32
  MOK32
  JPMSETFUN32
  MLOOP32
  MNOADD32
  MADD32
  MROUND32
  MUL32OK
  MUL32EEE
  L_Div_32x32_FP7
  L_Div_32x32_FP8
  L_Div_32x32_FP9
  L_Div_32x32_FP10
  FPD32
  JPDSETFDZ32
  JPDRES032
  D32BNE0
  TALIGN32
  TS1ALIGN32
  TS2ALIGN32
  DALIGN32OK
  ALTB32
  AGEB32
  JPDSETFOV32
  DARGOK32
  JPDSETFUN32
  DLOOP32
  DS132
  DS232
  DREST32
  DOK32
  DAREST32
  DROUND32
  DIV32OK
  DIV32EEE
  SETIOV3224EEE
  INT3232U
  INT3232UEOK
  SETEXP32U
  SETIOV32U
  TSHIFT3232U
  SHIFT3232UOK
  SHIFT3232U
  INT3232UOK
  JPLSETIOV3224
  IRES032U
  INT3232UEER
  INT3232UEEE
  L_Double2Longword_0
  INT3232
  INT3232EOK
  SETIOV32
  TSHIFT3232
  SHIFT3232OK
  SHIFT3232
  INT3232OK
  JPISETIOV3224
  IRES032
  INT3232EER
  INT3232EEE
  L_Double2Longint_0
  INT3216
  IRES016
  SETIOV16
  TSHIFT3216
  SHIFT3216OK
  SHIFT3216
  INT3216OK
  JPJSETIOV3224
  INT3216EOK
  INT3216EER
  INT3216EEE
  L_Double2Int_0
  INT3216U
  IRES016U
  SETEXP16U
  SETIOV16U
  TSHIFT3216U
  SHIFT3216UOK
  SHIFT3216U
  INT3216UOK
  JPKSETIOV3224
  INT3216UEOK
  INT3216UEER
  INT3216UEEE
  L_Double2Word_0
  INT32U08
  IRES008
  SETEXP08
  SETIOV08
  TSHIFT3208
  SHIFT3208OK
  SHIFT3208
  INT3208OK
  D2B_JPKSETIOV3224
  INT3208EOK
  INT3208EER
  INT3208EEE
  L_Double2Byte_0
  FLO08U32
  FLO1632
  FLO1632EEE
  FLO16U32
  FLO3232
  FLO3232EEE
  FLO32U32
  EQU_FALSE
  COMPARE_EQU
  COMPARE_NOTZERO
  COMPARE_XNOTZERO
  COMPARE_YNOTZERO
  COMPARE_LT
  COMPARE_GT
  COMPARE_TESTALL
  COMPARE_C1
  GT_FALSE
  GT_TRUE
  COMPARE_C2
  COMPARE_C3
  L_end_SETFOV32
  _SETFOV32
  L_end_SETFDZ32
  _SETFDZ32
  L_end_FIXSIGN32
  _FIXSIGN32
  L_end_RES032
  _RES032
  L_end_SETFUN32
  _SETFUN32
  L_end_NRM3232
  _NRM3232
  L_end_NRM4032
  _NRM4032
  L_end_Add_32x32_FP
  _Add_32x32_FP
  L_end_Sub_32x32_FP
  _Sub_32x32_FP
  L_end_Mul_32x32_FP
  _Mul_32x32_FP
  L_end_Div_32x32_FP
  _Div_32x32_FP
  L_end_SETIOV3224
  _SETIOV3224
  L_end_Double2Longword
  _Double2Longword
  L_end_Double2Longint
  _Double2Longint
  L_end_Double2Int
  _Double2Int
  L_end_Double2Word
  _Double2Word
  L_end_Double2Byte
  _Double2Byte
  L_end_Byte2Double
  _Byte2Double
  L_end_Int2Double
  _Int2Double
  L_end_Word2Double
  _Word2Double
  L_end_Longint2Double
  _Longint2Double
  L_end_Longword2Double
  _Longword2Double
  L_end_Equals_Double
  _Equals_Double
  L_end_Compare_Double
  _Compare_Double
  L_loopCA2AWs
  L_CA2AWend
  _CCA2AW_Loop1
  L_loopCS2Ss
  L_CS2Send
  _CCS2S_Loop1
  L_CCS2Send
  L_loopFZinSWs
  L_FZinSend
  _CC2D_Loop1
  L_end_____DoICP
  _____DoICP
  L_end_____DoIFC
  _____DoIFC
  L_end___CA2AW
  ___CA2AW
  L_end___CCA2AW
  ___CCA2AW
  L_end___CS2S
  ___CS2S
  L_end___CCS2S
  ___CCS2S
  L_end___FZinS
  ___FZinS
  L_end___CC2DW
  ___CC2DW
  L_end_Swap
  _Swap
