;  LST file generated by mikroListExporter - v.2.0 
; Date/Time: 1/20/2016 12:32:31 AM
;----------------------------------------------

;Address Opcode 	ASM
0x0000	0x28DD      	GOTO       221
_bitWrite:
;receiver.c,11 :: 		void bitWrite(int position,int shifts){
;receiver.c,12 :: 		shifts<<=position;
0x0003	0x1283      	BCF        STATUS, 5
0x0004	0x1303      	BCF        STATUS, 6
0x0005	0x082A      	MOVF       FARG_bitWrite_position, 0
0x0006	0x00F2      	MOVWF      R2
0x0007	0x082C      	MOVF       FARG_bitWrite_shifts, 0
0x0008	0x00F0      	MOVWF      R0
0x0009	0x082D      	MOVF       FARG_bitWrite_shifts+1, 0
0x000A	0x00F1      	MOVWF      R0+1
0x000B	0x0872      	MOVF       R2, 0
L__bitWrite36:
0x000C	0x1903      	BTFSC      STATUS, 2
0x000D	0x2813      	GOTO       L__bitWrite37
0x000E	0x0DF0      	RLF        R0, 1
0x000F	0x0DF1      	RLF        R0+1, 1
0x0010	0x1070      	BCF        R0, 0
0x0011	0x3EFF      	ADDLW      255
0x0012	0x280C      	GOTO       L__bitWrite36
L__bitWrite37:
0x0013	0x0870      	MOVF       R0, 0
0x0014	0x00AC      	MOVWF      FARG_bitWrite_shifts
0x0015	0x0871      	MOVF       R0+1, 0
0x0016	0x00AD      	MOVWF      FARG_bitWrite_shifts+1
;receiver.c,13 :: 		encodedSignal^=shifts;
0x0017	0x0870      	MOVF       R0, 0
0x0018	0x06A0      	XORWF      _encodedSignal, 1
0x0019	0x0871      	MOVF       R0+1, 0
0x001A	0x06A1      	XORWF      _encodedSignal+1, 1
;receiver.c,14 :: 		}
L_end_bitWrite:
0x001B	0x0008      	RETURN
; end of _bitWrite
_____DoICP:
;__Lib_System.c,6 :: 		
;__Lib_System.c,9 :: 		
0x001C	0x1283      	BCF        STATUS, 5
0x001D	0x1303      	BCF        STATUS, 6
0x001E	0x0827      	MOVF       ___DoICPAddr+1, 0
0x001F	0x008A      	MOVWF      PCLATH
;__Lib_System.c,10 :: 		
0x0020	0x0826      	MOVF       ___DoICPAddr, 0
0x0021	0x0082      	MOVWF      PCL
;__Lib_System.c,12 :: 		
L_end_____DoICP:
0x0022	0x0008      	RETURN
; end of _____DoICP
_delay500us:
;receiver.c,34 :: 		void delay500us(){
;receiver.c,35 :: 		counter=0;
0x0023	0x1283      	BCF        STATUS, 5
0x0024	0x1303      	BCF        STATUS, 6
0x0025	0x01A4      	CLRF       _counter
0x0026	0x01A5      	CLRF       _counter+1
;receiver.c,36 :: 		TMR0=0;
0x0027	0x0181      	CLRF       TMR0
;receiver.c,37 :: 		OPTION_REG=0xd2;
0x0028	0x30D2      	MOVLW      210
0x0029	0x1683      	BSF        STATUS, 5
0x002A	0x0081      	MOVWF      OPTION_REG
;receiver.c,38 :: 		INTCON=0x00;
0x002B	0x018B      	CLRF       INTCON
;receiver.c,39 :: 		TMR0IE_bit=1;
0x002C	0x168B      	BSF        TMR0IE_bit, 5
;receiver.c,40 :: 		while(1){
L_delay500us4:
;receiver.c,41 :: 		if(TMR0IF_bit){
0x002D	0x1D0B      	BTFSS      TMR0IF_bit, 2
0x002E	0x2834      	GOTO       L_delay500us6
;receiver.c,42 :: 		counter++;
0x002F	0x1283      	BCF        STATUS, 5
0x0030	0x0AA4      	INCF       _counter, 1
0x0031	0x1903      	BTFSC      STATUS, 2
0x0032	0x0AA5      	INCF       _counter+1, 1
;receiver.c,43 :: 		TMR0IF_bit=0;
0x0033	0x110B      	BCF        TMR0IF_bit, 2
;receiver.c,44 :: 		}
L_delay500us6:
0x0034	0x1283      	BCF        STATUS, 5
;receiver.c,45 :: 		if(counter==15)break;
0x0035	0x3000      	MOVLW      0
0x0036	0x0625      	XORWF      _counter+1, 0
0x0037	0x1D03      	BTFSS      STATUS, 2
0x0038	0x283B      	GOTO       L__delay500us41
0x0039	0x300F      	MOVLW      15
0x003A	0x0624      	XORWF      _counter, 0
L__delay500us41:
0x003B	0x1D03      	BTFSS      STATUS, 2
0x003C	0x283E      	GOTO       L_delay500us7
0x003D	0x283F      	GOTO       L_delay500us5
L_delay500us7:
;receiver.c,46 :: 		}
0x003E	0x282D      	GOTO       L_delay500us4
L_delay500us5:
;receiver.c,49 :: 		}
L_end_delay500us:
0x003F	0x0008      	RETURN
; end of _delay500us
_delay725us:
;receiver.c,51 :: 		void delay725us(){
;receiver.c,52 :: 		counter=0;
0x0040	0x1283      	BCF        STATUS, 5
0x0041	0x1303      	BCF        STATUS, 6
0x0042	0x01A4      	CLRF       _counter
0x0043	0x01A5      	CLRF       _counter+1
;receiver.c,53 :: 		TMR0=0;
0x0044	0x0181      	CLRF       TMR0
;receiver.c,54 :: 		OPTION_REG=0xd2;
0x0045	0x30D2      	MOVLW      210
0x0046	0x1683      	BSF        STATUS, 5
0x0047	0x0081      	MOVWF      OPTION_REG
;receiver.c,55 :: 		INTCON=0x00;
0x0048	0x018B      	CLRF       INTCON
;receiver.c,56 :: 		TMR0IE_bit=1;
0x0049	0x168B      	BSF        TMR0IE_bit, 5
;receiver.c,57 :: 		while(1){
L_delay725us8:
;receiver.c,58 :: 		if(TMR0IF_bit){
0x004A	0x1D0B      	BTFSS      TMR0IF_bit, 2
0x004B	0x2851      	GOTO       L_delay725us10
;receiver.c,59 :: 		counter++;
0x004C	0x1283      	BCF        STATUS, 5
0x004D	0x0AA4      	INCF       _counter, 1
0x004E	0x1903      	BTFSC      STATUS, 2
0x004F	0x0AA5      	INCF       _counter+1, 1
;receiver.c,60 :: 		TMR0IF_bit=0;
0x0050	0x110B      	BCF        TMR0IF_bit, 2
;receiver.c,61 :: 		}
L_delay725us10:
0x0051	0x1283      	BCF        STATUS, 5
;receiver.c,62 :: 		if(counter==23)break;
0x0052	0x3000      	MOVLW      0
0x0053	0x0625      	XORWF      _counter+1, 0
0x0054	0x1D03      	BTFSS      STATUS, 2
0x0055	0x2858      	GOTO       L__delay725us43
0x0056	0x3017      	MOVLW      23
0x0057	0x0624      	XORWF      _counter, 0
L__delay725us43:
0x0058	0x1D03      	BTFSS      STATUS, 2
0x0059	0x285B      	GOTO       L_delay725us11
0x005A	0x285C      	GOTO       L_delay725us9
L_delay725us11:
;receiver.c,63 :: 		}
0x005B	0x284A      	GOTO       L_delay725us8
L_delay725us9:
;receiver.c,66 :: 		}
L_end_delay725us:
0x005C	0x0008      	RETURN
; end of _delay725us
_delay20us:
;receiver.c,68 :: 		void delay20us(){
;receiver.c,69 :: 		counter=0;
0x005D	0x1283      	BCF        STATUS, 5
0x005E	0x1303      	BCF        STATUS, 6
0x005F	0x01A4      	CLRF       _counter
0x0060	0x01A5      	CLRF       _counter+1
;receiver.c,70 :: 		TMR0=0;
0x0061	0x0181      	CLRF       TMR0
;receiver.c,71 :: 		OPTION_REG=0xd2;
0x0062	0x30D2      	MOVLW      210
0x0063	0x1683      	BSF        STATUS, 5
0x0064	0x0081      	MOVWF      OPTION_REG
;receiver.c,72 :: 		INTCON=0x00;
0x0065	0x018B      	CLRF       INTCON
;receiver.c,73 :: 		TMR0IE_bit=1;
0x0066	0x168B      	BSF        TMR0IE_bit, 5
;receiver.c,74 :: 		while(1){
L_delay20us12:
;receiver.c,75 :: 		if(TMR0IF_bit){
0x0067	0x1D0B      	BTFSS      TMR0IF_bit, 2
0x0068	0x286E      	GOTO       L_delay20us14
;receiver.c,76 :: 		counter++;
0x0069	0x1283      	BCF        STATUS, 5
0x006A	0x0AA4      	INCF       _counter, 1
0x006B	0x1903      	BTFSC      STATUS, 2
0x006C	0x0AA5      	INCF       _counter+1, 1
;receiver.c,77 :: 		TMR0IF_bit=0;
0x006D	0x110B      	BCF        TMR0IF_bit, 2
;receiver.c,78 :: 		}
L_delay20us14:
0x006E	0x1283      	BCF        STATUS, 5
;receiver.c,79 :: 		if(counter==6)break;
0x006F	0x3000      	MOVLW      0
0x0070	0x0625      	XORWF      _counter+1, 0
0x0071	0x1D03      	BTFSS      STATUS, 2
0x0072	0x2875      	GOTO       L__delay20us45
0x0073	0x3006      	MOVLW      6
0x0074	0x0624      	XORWF      _counter, 0
L__delay20us45:
0x0075	0x1D03      	BTFSS      STATUS, 2
0x0076	0x2878      	GOTO       L_delay20us15
0x0077	0x2879      	GOTO       L_delay20us13
L_delay20us15:
;receiver.c,80 :: 		}
0x0078	0x2867      	GOTO       L_delay20us12
L_delay20us13:
;receiver.c,83 :: 		}
L_end_delay20us:
0x0079	0x0008      	RETURN
; end of _delay20us
_reception:
;receiver.c,85 :: 		void reception(){
;receiver.c,87 :: 		for(i=0; i<10; i++){
0x007A	0x1283      	BCF        STATUS, 5
0x007B	0x1303      	BCF        STATUS, 6
0x007C	0x01A8      	CLRF       reception_i_L0
0x007D	0x01A9      	CLRF       reception_i_L0+1
L_reception16:
0x007E	0x3080      	MOVLW      128
0x007F	0x0629      	XORWF      reception_i_L0+1, 0
0x0080	0x00F0      	MOVWF      R0
0x0081	0x3080      	MOVLW      128
0x0082	0x0270      	SUBWF      R0, 0
0x0083	0x1D03      	BTFSS      STATUS, 2
0x0084	0x2887      	GOTO       L__reception47
0x0085	0x300A      	MOVLW      10
0x0086	0x0228      	SUBWF      reception_i_L0, 0
L__reception47:
0x0087	0x1803      	BTFSC      STATUS, 0
0x0088	0x289A      	GOTO       L_reception17
;receiver.c,88 :: 		delay20us();
0x0089	0x205D      	CALL       _delay20us
;receiver.c,89 :: 		good=1;
0x008A	0x3001      	MOVLW      1
0x008B	0x00A2      	MOVWF      _good
0x008C	0x3000      	MOVLW      0
0x008D	0x00A3      	MOVWF      _good+1
;receiver.c,90 :: 		if(PORTB.F0==0){
0x008E	0x1806      	BTFSC      PORTB, 0
0x008F	0x2896      	GOTO       L_reception19
;receiver.c,91 :: 		good=0;
0x0090	0x01A2      	CLRF       _good
0x0091	0x01A3      	CLRF       _good+1
;receiver.c,92 :: 		i=100;
0x0092	0x3064      	MOVLW      100
0x0093	0x00A8      	MOVWF      reception_i_L0
0x0094	0x3000      	MOVLW      0
0x0095	0x00A9      	MOVWF      reception_i_L0+1
;receiver.c,93 :: 		}
L_reception19:
;receiver.c,87 :: 		for(i=0; i<10; i++){
0x0096	0x0AA8      	INCF       reception_i_L0, 1
0x0097	0x1903      	BTFSC      STATUS, 2
0x0098	0x0AA9      	INCF       reception_i_L0+1, 1
;receiver.c,94 :: 		}
0x0099	0x287E      	GOTO       L_reception16
L_reception17:
;receiver.c,96 :: 		if(good==1){
0x009A	0x3000      	MOVLW      0
0x009B	0x0623      	XORWF      _good+1, 0
0x009C	0x1D03      	BTFSS      STATUS, 2
0x009D	0x28A0      	GOTO       L__reception48
0x009E	0x3001      	MOVLW      1
0x009F	0x0622      	XORWF      _good, 0
L__reception48:
0x00A0	0x1D03      	BTFSS      STATUS, 2
0x00A1	0x28D0      	GOTO       L_reception20
;receiver.c,97 :: 		while(1){
L_reception21:
;receiver.c,98 :: 		if(PORTB.F0==0){
0x00A2	0x1806      	BTFSC      PORTB, 0
0x00A3	0x28CD      	GOTO       L_reception23
;receiver.c,99 :: 		delay725us();
0x00A4	0x2040      	CALL       _delay725us
;receiver.c,100 :: 		for(i=0; i<8; i++){
0x00A5	0x01A8      	CLRF       reception_i_L0
0x00A6	0x01A9      	CLRF       reception_i_L0+1
L_reception24:
0x00A7	0x3080      	MOVLW      128
0x00A8	0x0629      	XORWF      reception_i_L0+1, 0
0x00A9	0x00F0      	MOVWF      R0
0x00AA	0x3080      	MOVLW      128
0x00AB	0x0270      	SUBWF      R0, 0
0x00AC	0x1D03      	BTFSS      STATUS, 2
0x00AD	0x28B0      	GOTO       L__reception49
0x00AE	0x3008      	MOVLW      8
0x00AF	0x0228      	SUBWF      reception_i_L0, 0
L__reception49:
0x00B0	0x1803      	BTFSC      STATUS, 0
0x00B1	0x28CC      	GOTO       L_reception25
;receiver.c,101 :: 		if(PORTB.F0==1){
0x00B2	0x1C06      	BTFSS      PORTB, 0
0x00B3	0x28BF      	GOTO       L_reception27
;receiver.c,102 :: 		bitWrite(i,0x01);
0x00B4	0x0828      	MOVF       reception_i_L0, 0
0x00B5	0x00AA      	MOVWF      FARG_bitWrite_position
0x00B6	0x0829      	MOVF       reception_i_L0+1, 0
0x00B7	0x00AB      	MOVWF      FARG_bitWrite_position+1
0x00B8	0x3001      	MOVLW      1
0x00B9	0x00AC      	MOVWF      FARG_bitWrite_shifts
0x00BA	0x3000      	MOVLW      0
0x00BB	0x00AD      	MOVWF      FARG_bitWrite_shifts+1
0x00BC	0x2003      	CALL       _bitWrite
;receiver.c,103 :: 		PORTB.F1=1;
0x00BD	0x1486      	BSF        PORTB, 1
;receiver.c,104 :: 		}else{
0x00BE	0x28C7      	GOTO       L_reception28
L_reception27:
;receiver.c,105 :: 		bitWrite(i,0x00);
0x00BF	0x0828      	MOVF       reception_i_L0, 0
0x00C0	0x00AA      	MOVWF      FARG_bitWrite_position
0x00C1	0x0829      	MOVF       reception_i_L0+1, 0
0x00C2	0x00AB      	MOVWF      FARG_bitWrite_position+1
0x00C3	0x01AC      	CLRF       FARG_bitWrite_shifts
0x00C4	0x01AD      	CLRF       FARG_bitWrite_shifts+1
0x00C5	0x2003      	CALL       _bitWrite
;receiver.c,106 :: 		PORTB.F1=0;
0x00C6	0x1086      	BCF        PORTB, 1
;receiver.c,107 :: 		}
L_reception28:
;receiver.c,108 :: 		delay500us();
0x00C7	0x2023      	CALL       _delay500us
;receiver.c,100 :: 		for(i=0; i<8; i++){
0x00C8	0x0AA8      	INCF       reception_i_L0, 1
0x00C9	0x1903      	BTFSC      STATUS, 2
0x00CA	0x0AA9      	INCF       reception_i_L0+1, 1
;receiver.c,109 :: 		}
0x00CB	0x28A7      	GOTO       L_reception24
L_reception25:
;receiver.c,110 :: 		break;
0x00CC	0x28CE      	GOTO       L_reception22
;receiver.c,111 :: 		}
L_reception23:
;receiver.c,112 :: 		}
0x00CD	0x28A2      	GOTO       L_reception21
L_reception22:
;receiver.c,113 :: 		PORTC=encodedSignal;
0x00CE	0x0820      	MOVF       _encodedSignal, 0
0x00CF	0x0087      	MOVWF      PORTC
;receiver.c,114 :: 		}
L_reception20:
;receiver.c,116 :: 		}
L_end_reception:
0x00D0	0x0008      	RETURN
; end of _reception
___CC2DW:
;__Lib_System.c,134 :: 		
;__Lib_System.c,137 :: 		
_CC2D_Loop1:
;__Lib_System.c,139 :: 		
0x00D1	0x201C      	CALL       _____DoICP
0x00D2	0x118A      	BCF        PCLATH, 3
0x00D3	0x120A      	BCF        PCLATH, 4
;__Lib_System.c,141 :: 		
0x00D4	0x0080      	MOVWF      INDF
;__Lib_System.c,142 :: 		
0x00D5	0x0A84      	INCF       FSR, 1
;__Lib_System.c,143 :: 		
0x00D6	0x0AA6      	INCF       ___DoICPAddr, 1
;__Lib_System.c,145 :: 		
0x00D7	0x1903      	BTFSC      STATUS, 2
;__Lib_System.c,146 :: 		
0x00D8	0x0AA7      	INCF       ___DoICPAddr+1, 1
;__Lib_System.c,147 :: 		
0x00D9	0x03F0      	DECF       R0, 1
;__Lib_System.c,149 :: 		
0x00DA	0x1D03      	BTFSS      STATUS, 2
;__Lib_System.c,150 :: 		
0x00DB	0x28D1      	GOTO       _CC2D_Loop1
;__Lib_System.c,152 :: 		
L_end___CC2DW:
0x00DC	0x0008      	RETURN
; end of ___CC2DW
_main:
0x00DD	0x1283      	BCF        STATUS, 5
0x00DE	0x1303      	BCF        STATUS, 6
0x00DF	0x01A0      	CLRF       _encodedSignal
0x00E0	0x01A1      	CLRF       33
;receiver.c,118 :: 		void main() {
;receiver.c,119 :: 		TRISB=0x01;
0x00E1	0x3001      	MOVLW      1
0x00E2	0x1683      	BSF        STATUS, 5
0x00E3	0x0086      	MOVWF      TRISB
;receiver.c,120 :: 		TRISC=0;
0x00E4	0x0187      	CLRF       TRISC
;receiver.c,121 :: 		PORTC=0;
0x00E5	0x1283      	BCF        STATUS, 5
0x00E6	0x0187      	CLRF       PORTC
;receiver.c,122 :: 		PORTB=0;
0x00E7	0x0186      	CLRF       PORTB
;receiver.c,124 :: 		while(1){
L_main29:
;receiver.c,125 :: 		PORTB=0;
0x00E8	0x0186      	CLRF       PORTB
;receiver.c,126 :: 		if(PORTB.F0==1){
0x00E9	0x1C06      	BTFSS      PORTB, 0
0x00EA	0x28EE      	GOTO       L_main31
;receiver.c,127 :: 		encodedSignal=0;
0x00EB	0x01A0      	CLRF       _encodedSignal
0x00EC	0x01A1      	CLRF       _encodedSignal+1
;receiver.c,128 :: 		reception();
0x00ED	0x207A      	CALL       _reception
;receiver.c,129 :: 		}
L_main31:
;receiver.c,130 :: 		}
0x00EE	0x28E8      	GOTO       L_main29
;receiver.c,131 :: 		}
L_end_main:
0x00EF	0x28EF      	GOTO       $+0
; end of _main
Symbol List:
//** Routines locations **
//ADDRESS    SIZE    PROCEDURE
//----------------------------------------------
0x0003      [25]    _bitWrite
0x001C       [7]    _____DoICP
0x0023      [29]    _delay500us
0x0040      [29]    _delay725us
0x005D      [29]    _delay20us
0x007A      [87]    _reception
0x00D1      [12]    ___CC2DW
0x00DD      [19]    _main
//** Variables locations ** 
//ADDRESS    SIZE    VARIABLE
//----------------------------------------------
0x0000       [1]    INDF
0x0001       [1]    TMR0
0x0002       [1]    PCL
0x0003       [1]    STATUS
0x0004       [1]    FSR
0x0006       [1]    PORTB
0x0007       [1]    PORTC
0x000A       [1]    PCLATH
0x000B       [0]    TMR0IE_bit
0x000B       [1]    INTCON
0x000B       [0]    TMR0IF_bit
0x0020       [2]    _encodedSignal
0x0022       [2]    _good
0x0024       [2]    _counter
0x0026       [2]    ___DoICPAddr
0x0028       [2]    reception_i_L0
0x002A       [2]    FARG_bitWrite_position
0x002C       [2]    FARG_bitWrite_shifts
0x0070       [1]    R0
0x0071       [1]    R1
0x0072       [1]    R2
0x0073       [1]    R3
0x0074       [1]    R4
0x0075       [1]    R5
0x0076       [1]    R6
0x0077       [1]    R7
0x0078       [1]    R8
0x0079       [1]    R9
0x007A       [1]    R10
0x007B       [1]    R11
0x007C       [1]    R12
0x007D       [1]    R13
0x007E       [1]    R14
0x007F       [1]    R15
0x0081       [1]    OPTION_REG
0x0086       [1]    TRISB
0x0087       [1]    TRISC
//** Label List: ** 
//----------------------------------------------
  L_delay3ms0
  L_delay3ms1
  L_delay3ms2
  L_delay3ms3
  L_delay500us4
  L_delay500us5
  L_delay500us6
  L_delay500us7
  L_delay725us8
  L_delay725us9
  L_delay725us10
  L_delay725us11
  L_delay20us12
  L_delay20us13
  L_delay20us14
  L_delay20us15
  L_reception16
  L_reception17
  L_reception18
  L_reception19
  L_reception20
  L_reception21
  L_reception22
  L_reception23
  L_reception24
  L_reception25
  L_reception26
  L_reception27
  L_reception28
  L_main29
  L_main30
  L_main31
  L_end_bitRead
  _bitRead
  L__bitRead33
  L__bitRead34
  L_end_bitWrite
  _bitWrite
  L__bitWrite36
  L__bitWrite37
  L_end_delay3ms
  _delay3ms
  L__delay3ms39
  L_end_delay500us
  _delay500us
  L__delay500us41
  L_end_delay725us
  _delay725us
  L__delay725us43
  L_end_delay20us
  _delay20us
  L__delay20us45
  L_end_reception
  _reception
  L__reception47
  L__reception48
  L__reception49
  L_end_main
  _main
  L_loopCA2AWs
  L_CA2AWend
  _CCA2AW_Loop1
  L_loopCS2Ss
  L_CS2Send
  _CCS2S_Loop1
  L_CCS2Send
  L_loopFZinSWs
  L_FZinSend
  _CC2D_Loop1
  L_end_____DoICP
  _____DoICP
  L_end_____DoIFC
  _____DoIFC
  L_end___CA2AW
  ___CA2AW
  L_end___CCA2AW
  ___CCA2AW
  L_end___CS2S
  ___CS2S
  L_end___CCS2S
  ___CCS2S
  L_end___FZinS
  ___FZinS
  L_end___CC2DW
  ___CC2DW
  L_end_Swap
  _Swap
